http code: 200
请求成功...
http code: 200
请求成功...
文件保存成功！
大小: 3477
位置: _img/foodpics/50c390a354f1400082b361ddf9e00a37.jpg
http code: 200
请求成功...
文件保存成功！
大小: 3477
位置: _img/foodpics/50c390a354f1400082b361ddf9e00a37.jpg
http code: 200
请求成功...
文件保存成功！
大小: 3477
位置: _img/foodpics/50c390a354f1400082b361ddf9e00a37.jpg
http code: 200
请求成功...
文件保存成功！
大小: 3397
位置: _img/foodpics/mid_photo_url_889c7a4e5e492f15a38cbd3c44dd4f4b.jpg
http code: 200
请求成功...
文件保存成功！
大小: 8774
位置: _img/foodpics/d58ca18e929a473b9cb6a1a4bc696b38.jpg
http code: 200
请求成功...
文件保存成功！
大小: 3891
位置: _img/foodpics/eee10259c3c341ef99e627c5b96dfbe0.jpg
http code: 200
请求成功...
文件保存成功！
大小: 4892
位置: _img/foodpics/mid_photo_url_f320ba37d1884fb07ba7311d8072825c.jpg
http code: 200
请求成功...
文件保存成功！
大小: 3477
位置: _img/foodpics/50c390a354f1400082b361ddf9e00a37.jpg
http code: 200
请求成功...
文件保存成功！
大小: 3397
位置: _img/foodpics/mid_photo_url_889c7a4e5e492f15a38cbd3c44dd4f4b.jpg
http code: 200
请求成功...
文件保存成功！
大小: 8774
位置: _img/foodpics/d58ca18e929a473b9cb6a1a4bc696b38.jpg
http code: 200
请求成功...
文件保存成功！
大小: 3891
位置: _img/foodpics/eee10259c3c341ef99e627c5b96dfbe0.jpg
http code: 200
请求成功...
文件保存成功！
大小: 4892
位置: _img/foodpics/mid_photo_url_f320ba37d1884fb07ba7311d8072825c.jpg
http code: 200
请求成功...
文件保存成功！
大小: 3477
位置: _img/foodpics/50c390a354f1400082b361ddf9e00a37.jpg
http code: 200
请求成功...
文件保存成功！
大小: 3477
位置: _img/foodpics/50c390a354f1400082b361ddf9e00a37.jpg
http code: 200
请求成功...
文件保存成功！
大小: 3477
位置: _img/foodpics/50c390a354f1400082b361ddf9e00a37.jpg
http code: 200
请求成功...
文件保存成功！
大小: 3477
位置: _img/foodpics/50c390a354f1400082b361ddf9e00a37.jpg
http code: 200
请求成功...
文件保存成功！
大小: 3477
位置: _img/foodpics/50c390a354f1400082b361ddf9e00a37.jpg
http code: 200
请求成功...
文件保存成功！
大小: 3397
位置: _img/foodpics/mid_photo_url_889c7a4e5e492f15a38cbd3c44dd4f4b.jpg
http code: 200
请求成功...
文件保存成功！
大小: 8774
位置: _img/foodpics/d58ca18e929a473b9cb6a1a4bc696b38.jpg
http code: 200
请求成功...
文件保存成功！
大小: 3891
位置: _img/foodpics/eee10259c3c341ef99e627c5b96dfbe0.jpg
http code: 200
请求成功...
文件保存成功！
大小: 4892
位置: _img/foodpics/mid_photo_url_f320ba37d1884fb07ba7311d8072825c.jpg
http code: 200
请求成功...
文件保存成功！
大小: 29889
位置: _img/foodpics/32fbb0ed557b4d388872c26bf93414d9.jpg
http code: 200
请求成功...
文件保存成功！
大小: 2977
位置: _img/foodpics/mid_photo_201022427.jpg
http code: 200
请求成功...
文件保存成功！
大小: 4629
位置: _img/foodpics/13a3ac036fbe4d1fb84a6d393e7cf20c.jpg
http code: 200
请求成功...
文件保存成功！
大小: 20669
位置: _img/foodpics/aedc99f00e9e4eaba34f4bcf264fcee7.jpg
http code: 200
请求成功...
文件保存成功！
大小: 6769
位置: _img/foodpics/31ddf35e2ecb413485c127ae5212ef43.jpg
http code: 200
请求成功...
文件保存成功！
大小: 28791
位置: _img/foodpics/dc228e950f2c470f9e306412ad25d489.jpg
http code: 200
请求成功...
文件保存成功！
大小: 9623
位置: _img/foodpics/mid_photo_url_deefc42a38d324bdb37ae5a57143b424.jpg
http code: 200
请求成功...
文件保存成功！
大小: 9623
位置: _img/foodpics/mid_photo_url_b7767d2414be04975cfe8d2c8a8685b2.jpg
http code: 200
请求成功...
文件保存成功！
大小: 9494
位置: _img/foodpics/mid_photo_url_ca770c70f67954461db0a969bb89841b.jpg
http code: 200
请求成功...
文件保存成功！
大小: 15849
位置: _img/foodpics/6fa81583e5f64e78bca19027349f1cd8.jpg
http code: 200
请求成功...
文件保存成功！
大小: 30229
位置: _img/foodpics/bfaef4e397704ef7a19111c61d6a31ae.jpg
http code: 200
请求成功...
文件保存成功！
大小: 18305
位置: _img/foodpics/5ded4965e03d4bc5be49c1922463fd8c.jpg
http code: 200
请求成功...
文件保存成功！
大小: 9117
位置: _img/foodpics/de4385295aa34e108a1d3d0df6d06312.jpg
http code: 200
请求成功...
文件保存成功！
大小: 17935
位置: _img/foodpics/fa6cd55d71ca42a3a2e86085c5f260ac.jpg
http code: 200
请求成功...
文件保存成功！
大小: 18438
位置: _img/foodpics/0e4ee7beb2f94b979617ced0cf2f9a12.jpg
http code: 200
请求成功...
文件保存成功！
大小: 7645
位置: _img/foodpics/a62b7227cc8a4bf68a7f183a4c68b62b.jpg
http code: 200
请求成功...
文件保存成功！
大小: 9547
位置: _img/foodpics/f41ad10349604e3491a51a868133e99c.jpg
http code: 200
请求成功...
文件保存成功！
大小: 6754
位置: _img/foodpics/592d5dd2aed04f63be97e9f6fbef04b0.jpg
http code: 200
请求成功...
文件保存成功！
大小: 26477
位置: _img/foodpics/65a626e71bb0423388115ca06f8e38de.jpg
http code: 200
请求成功...
文件保存成功！
大小: 25266
位置: _img/foodpics/7fe42c6a72b24713a4edecc58df3959c.jpg
http code: 200
请求成功...
文件保存成功！
大小: 1492
位置: _img/foodpics/210bc0887cfd488d8f33141ee205470e.jpg
http code: 200
请求成功...
文件保存成功！
大小: 8970
位置: _img/foodpics/67773b263f6b4b07aceb58534d25ba77.jpg
http code: 200
请求成功...
文件保存成功！
大小: 10741
位置: _img/foodpics/98d319654aad482399eb1548b7d1951a.jpg
http code: 200
请求成功...
文件保存成功！
大小: 3815
位置: _img/foodpics/adb4948a988d4c15939011e183f0f480.jpg
http code: 200
请求成功...
文件保存成功！
大小: 3815
位置: _img/foodpics/7b34d14137c34e1292178c459cf9fb6e.jpg
http code: 200
请求成功...
文件保存成功！
大小: 12669
位置: _img/foodpics/79dbfc141a63410fa0e4bc75c59f20cd.jpg
http code: 200
请求成功...
文件保存成功！
大小: 10226
位置: _img/foodpics/mid_photo_201522124392083.jpg
http code: 200
请求成功...
文件保存成功！
大小: 28113
位置: _img/foodpics/cfcb247f709b46c0a102d40d2e448571.jpg
http code: 200
请求成功...
文件保存成功！
大小: 17273
位置: _img/foodpics/ddc1f8684f5a4ef3af3915a4c5e58c04.jpg
http code: 200
请求成功...
文件保存成功！
大小: 17655
位置: _img/foodpics/b14eff1461bf4824bf240fadaf3a6704.jpg
http code: 200
请求成功...
文件保存成功！
大小: 14583
位置: _img/foodpics/15972a3b9f064bf397b91e4e4008dd11.jpg
http code: 200
请求成功...
文件保存成功！
大小: 10845
位置: _img/foodpics/135dc720f76f43e8b3ef082a5533f5b5.jpg
http code: 200
请求成功...
文件保存成功！
大小: 15893
位置: _img/foodpics/b62188c484864dfcb965a14da9775c18.jpg
http code: 200
请求成功...
文件保存成功！
大小: 3910
位置: _img/foodpics/6b622da57145423db9437e2b1893389f.jpg
http code: 200
请求成功...
文件保存成功！
大小: 3779
位置: _img/foodpics/b765946d1081463ea45ad5b68d63d488.jpg
http code: 200
请求成功...
文件保存成功！
大小: 16047
位置: _img/foodpics/255f790717ce416dbdff1eaf4eb5eac6.jpg
http code: 200
请求成功...
文件保存成功！
大小: 18281
位置: _img/foodpics/mid_photo_url_522af849b09672969fd338b900557c62.jpg
http code: 200
请求成功...
文件保存成功！
大小: 6818
位置: _img/foodpics/01c1238a1c8c493e8055b47164849b0a.jpg
http code: 200
请求成功...
文件保存成功！
大小: 13814
位置: _img/foodpics/9174ef59ffdd4b67a173667f9d7ebc22.jpg
http code: 200
请求成功...
文件保存成功！
大小: 4950
位置: _img/foodpics/2499cdf15a074744bb67af4c5540aa46.jpg
http code: 200
请求成功...
文件保存成功！
大小: 6867
位置: _img/foodpics/0e7391838c5c498db2c2908721962446.jpg
http code: 200
请求成功...
文件保存成功！
大小: 6867
位置: _img/foodpics/278c9bf716204181b3525edef59cda4c.jpg
http code: 200
请求成功...
文件保存成功！
大小: 23815
位置: _img/foodpics/08da74549e734581a7bdae3f818a4aac.jpg
http code: 200
请求成功...
文件保存成功！
大小: 4352
位置: _img/foodpics/mid_photo_url_9cdd8714aef6237c48168314b28003f6.jpg
http code: 200
请求成功...
文件保存成功！
大小: 5073
位置: _img/foodpics/mid_photo_url_f87003b62f899fe94866819f429a7ef8.jpg
http code: 200
请求成功...
文件保存成功！
大小: 8385
位置: _img/foodpics/af3598e82daf4e44ae6f7f6e5e0859d9.jpg
http code: 200
请求成功...
文件保存成功！
大小: 8385
位置: _img/foodpics/597bb5b5aa4344389eaf03e1cda278cc.jpg
http code: 200
请求成功...
文件保存成功！
大小: 8385
位置: _img/foodpics/cdc635c086254be6a5f920e9dd17d969.jpg
http code: 200
请求成功...
文件保存成功！
大小: 22879
位置: _img/foodpics/87a3da92fabc48c6aa183a946dab3399.jpg
http code: 200
请求成功...
文件保存成功！
大小: 8020
位置: _img/foodpics/ef8004f1f40b4deb90884495ba06564f.jpg
http code: 200
请求成功...
文件保存成功！
大小: 24724
位置: _img/foodpics/0296a2992fd64feeacdbbff3a88f7a4f.jpg
http code: 200
请求成功...
文件保存成功！
大小: 32766
位置: _img/foodpics/f17a151a1f5e40218cd17d99478257fc.jpg
http code: 200
请求成功...
文件保存成功！
大小: 24711
位置: _img/foodpics/3e650e62597d4971aea0981a91c03ea9.jpg
http code: 200
请求成功...
文件保存成功！
大小: 25727
位置: _img/foodpics/daed1c5449994855a4f645086c84bfb9.jpg
http code: 200
请求成功...
文件保存成功！
大小: 47430
位置: _img/foodpics/67ab3f1b78344b3aac5fec2719cc8b87.jpg
http code: 200
请求成功...
文件保存成功！
大小: 33128
位置: _img/foodpics/aaec7bf1b048413599bc6990545fefdb.png
http code: 200
请求成功...
文件保存成功！
大小: 22652
位置: _img/foodpics/5bf3149c735c452dacffabf50f042417.jpg
http code: 200
请求成功...
文件保存成功！
大小: 32067
位置: _img/foodpics/mid_photo_url_1fec2ad3c5db4535b1619249cc66364a.jpg
http code: 200
请求成功...
文件保存成功！
大小: 26211
位置: _img/foodpics/b7b427576aab47aeb4818a2271d7bd23.jpg
http code: 200
请求成功...
文件保存成功！
大小: 4030
位置: _img/foodpics/mid_photo_url_94521586386840aebd7c3ed991a55c6b.jpg
http code: 200
请求成功...
文件保存成功！
大小: 8602
位置: _img/foodpics/ed9eb413398a4966acc593e559a600f0.jpg
http code: 200
请求成功...
文件保存成功！
大小: 3312
位置: _img/foodpics/9583501e405d4bfeb7b4da8d89a8965e.jpg
http code: 200
请求成功...
文件保存成功！
大小: 9635
位置: _img/foodpics/mid_photo_201281510471617513.jpg
http code: 200
请求成功...
文件保存成功！
大小: 9174
位置: _img/foodpics/a9c7aefee03843fbb9f2222cecb31732.jpg
http code: 200
请求成功...
文件保存成功！
大小: 3886
位置: _img/foodpics/mid_photo_url_3639273069446dfac4a6b76511a05700.jpg
http code: 200
请求成功...
文件保存成功！
大小: 5657
位置: _img/foodpics/mid_photo_url_5ef3a4ba77a6c80a92a60b9a4bb1f96b.jpg
http code: 200
请求成功...
文件保存成功！
大小: 21397
位置: _img/foodpics/6a322e3b32d64b898a86ab3ff3f4d6fc.jpg
http code: 200
请求成功...
文件保存成功！
大小: 22758
位置: _img/foodpics/ee9804b589f34392949d70e4aab911da.jpg
http code: 200
请求成功...
文件保存成功！
大小: 18421
位置: _img/foodpics/9c178d4aa1234e07a00e4db712bcbefe.jpg
http code: 200
请求成功...
文件保存成功！
大小: 4695
位置: _img/foodpics/514420ebd436408791376b27b77a7a5f.jpg
http code: 200
请求成功...
文件保存成功！
大小: 3347
位置: _img/foodpics/55085980093e4716b961c940edb10c74.jpg
http code: 200
请求成功...
文件保存成功！
大小: 7538
位置: _img/foodpics/44daf7992def47f8b96956c8a070b7c2.jpg
http code: 200
请求成功...
文件保存成功！
大小: 7538
位置: _img/foodpics/212746653e7f4bd995879755e1fe5ffa.jpg
http code: 200
请求成功...
文件保存成功！
大小: 3247
位置: _img/foodpics/18016bedf1d040248cf85d2f455320e6.jpg
http code: 200
请求成功...
文件保存成功！
大小: 14214
位置: _img/foodpics/c02755eb76084ae1a1d88e050ed928e5.jpg
http code: 200
请求成功...
文件保存成功！
大小: 14322
位置: _img/foodpics/cdc96cff997049f1a9670595109d5bdc.jpg
http code: 200
请求成功...
文件保存成功！
大小: 14322
位置: _img/foodpics/604aec631dc34a8b8a12b406546217a5.jpg
http code: 200
请求成功...
文件保存成功！
大小: 5443
位置: _img/foodpics/94f540cb43bf490f8f937c590eea2dfd.jpg
http code: 200
请求成功...
文件保存成功！
大小: 2786
位置: _img/foodpics/327571cefffe4f2c87d55bedfb6f6f50.jpg
http code: 200
请求成功...
文件保存成功！
大小: 5054
位置: _img/foodpics/mid_photo_url_552be5c24c5a7e7dca8e655ed63022e6.jpg
http code: 200
请求成功...
文件保存成功！
大小: 6798
位置: _img/foodpics/mid_photo_url_ea6ad67182a87a32e8048475b0ba59e8.jpg
http code: 200
请求成功...
文件保存成功！
大小: 3798
位置: _img/foodpics/5ed01ea0076c4476b86a29195d1ff413.jpg
http code: 200
请求成功...
文件保存成功！
大小: 2510
位置: _img/foodpics/2dc27f63b2bf410e81f660bc64de6c13.jpg
http code: 200
请求成功...
文件保存成功！
大小: 5161
位置: _img/foodpics/mid_photo_url_605408bc12e6c836978237eb9b06763e.jpg
http code: 200
请求成功...
文件保存成功！
大小: 4569
位置: _img/foodpics/137f7b0656ce44d88610edbdcd08b718.jpg
http code: 200
请求成功...
文件保存成功！
大小: 3508
位置: _img/foodpics/16d099bbd9594fc4a979fb0b5fe29231.jpg
http code: 200
请求成功...
文件保存成功！
大小: 25614
位置: _img/foodpics/86e3360598204f1d8af6c1140e448e2b.jpg
http code: 200
请求成功...
文件保存成功！
大小: 25621
位置: _img/foodpics/924ddb589e814628b341ed09395c4844.jpg
http code: 200
请求成功...
文件保存成功！
大小: 20474
位置: _img/foodpics/d60b1a8d94b04506a4d46fb49b46d37a.jpg
http code: 200
请求成功...
文件保存成功！
大小: 6416
位置: _img/foodpics/mid_photo_url_8a734a92b9dfe7da81eae561c4c8fca1.jpg
http code: 200
请求成功...
文件保存成功！
大小: 3247
位置: _img/foodpics/18016bedf1d040248cf85d2f455320e6.jpg
http code: 200
请求成功...
文件保存成功！
大小: 18421
位置: _img/foodpics/9c178d4aa1234e07a00e4db712bcbefe.jpg
http code: 200
请求成功...
文件保存成功！
大小: 10212
位置: _img/foodpics/cb6b4c7688e34eecbb831be3f0ebcb24.jpg
http code: 200
请求成功...
文件保存成功！
大小: 9285
位置: _img/foodpics/9a515d25ff5149c5b60952bfde5d2b8a.jpg
http code: 200
请求成功...
文件保存成功！
大小: 30166
位置: _img/foodpics/1ae3f8d287e24a5699c3d9ed707a4b9f.jpg
http code: 200
请求成功...
文件保存成功！
大小: 5787
位置: _img/foodpics/mid_photo_url_6d125be226eb2b6d40d06b91d770f35a.jpg
http code: 200
请求成功...
文件保存成功！
大小: 3487
位置: _img/foodpics/871f929bbd714bef832166b038a24a78.jpg
http code: 200
请求成功...
文件保存成功！
大小: 5443
位置: _img/foodpics/94f540cb43bf490f8f937c590eea2dfd.jpg
http code: 200
请求成功...
文件保存成功！
大小: 5527
位置: _img/foodpics/mid_photo_url_bbaf6a4d286086653de28b33025f68c1.jpg
http code: 200
请求成功...
文件保存成功！
大小: 5657
位置: _img/foodpics/mid_photo_url_5ef3a4ba77a6c80a92a60b9a4bb1f96b.jpg
http code: 200
请求成功...
文件保存成功！
大小: 14322
位置: _img/foodpics/cdc96cff997049f1a9670595109d5bdc.jpg
http code: 200
请求成功...
文件保存成功！
大小: 5920
位置: _img/foodpics/6cc450eb648445a289d1f0bbe7b7ac99.jpg
http code: 200
请求成功...
文件保存成功！
大小: 5920
位置: _img/foodpics/18a84e5c5cbb4801822008be3a68d3a2.jpg
http code: 200
请求成功...
文件保存成功！
大小: 5900
位置: _img/foodpics/mid_photo_url_2871a97b13ec9a6ae1717b0b2c83464e.jpg
http code: 200
请求成功...
文件保存成功！
大小: 5890
位置: _img/foodpics/mid_photo_url_927fc734491f534ea08a100fe310f4a6.jpg
http code: 200
请求成功...
文件保存成功！
大小: 9754
位置: _img/foodpics/04141a9bb0844dfabfe23579e158a2a3.jpg
http code: 200
请求成功...
文件保存成功！
大小: 14520
位置: _img/foodpics/3123144cb6c14ca1a07c93c4aeda9317.jpg
http code: 200
请求成功...
文件保存成功！
大小: 3257
位置: _img/foodpics/054f1709614342db93ab72215eabaccf.jpg
http code: 200
请求成功...
文件保存成功！
大小: 28642
位置: _img/foodpics/21a3c28cf2cd4991b4bd62adebf9925b.jpg
http code: 200
请求成功...
文件保存成功！
大小: 6290
位置: _img/foodpics/302e608450b74f98942f529babb185ee.jpg
http code: 200
请求成功...
文件保存成功！
大小: 4602
位置: _img/foodpics/e60107a59ed545e1b0c104b2c0a534b4.jpg
http code: 200
请求成功...
文件保存成功！
大小: 26840
位置: _img/foodpics/8fac69d97e684a74a723309ee54308a2.jpg
http code: 200
请求成功...
文件保存成功！
大小: 9355
位置: _img/foodpics/0f11c09fc28d48218bbee15df3d928a8.jpg
http code: 200
请求成功...
文件保存成功！
大小: 6009
位置: _img/foodpics/mid_photo_url_82febbb2f980e447781c263acd3836fd.jpg
http code: 200
请求成功...
文件保存成功！
大小: 28700
位置: _img/foodpics/1b34999a640249d78a9801fc88065d95.jpg
http code: 200
请求成功...
文件保存成功！
大小: 6144
位置: _img/foodpics/mid_photo_url_b360329e40dc546ea254b3daf250e1ac.jpg
http code: 200
请求成功...
文件保存成功！
大小: 87287
位置: _img/foodpics/0d1c37722dcd4cc09062dc6c0d7f21a6.jpg
http code: 200
请求成功...
文件保存成功！
大小: 26864
位置: _img/foodpics/ee0f85e906fa4750a250e47826976792.jpg
http code: 200
请求成功...
文件保存成功！
大小: 2631
位置: _img/foodpics/f62475207fb142a09e7bbea9b6ae035b.jpg
http code: 200
请求成功...
文件保存成功！
大小: 4398
位置: _img/foodpics/7e57a50083fe42a98e46fcfb37c2662c.jpg
http code: 200
请求成功...
文件保存成功！
大小: 3073
位置: _img/foodpics/985efaa4a7a248239658371aef2cd081.jpg
http code: 200
请求成功...
文件保存成功！
大小: 25451
位置: _img/foodpics/1061a219b82b46c88b64157e9bf3d1ef.jpg
http code: 200
请求成功...
文件保存成功！
大小: 25753
位置: _img/foodpics/f74e778c480e42fd9f3b845b1d546aa2.jpg
http code: 200
请求成功...
文件保存成功！
大小: 28988
位置: _img/foodpics/01aef9035bef4f3a937519455965b33a.jpg
http code: 200
请求成功...
文件保存成功！
大小: 28245
位置: _img/foodpics/065724203c7443f2ad2d535e827985bf.jpg
http code: 200
请求成功...
文件保存成功！
大小: 7952
位置: _img/foodpics/mid_photo_url_f3a2b71939ee007a93e2df901539fdfe.jpg
http code: 200
请求成功...
文件保存成功！
大小: 10058
位置: _img/foodpics/ccb9113cdd7c40b2b6838bf4c198d66b.jpg
http code: 200
请求成功...
文件保存成功！
大小: 26137
位置: _img/foodpics/a4765c36da7d4ba2b9a8fafc724e127a.jpg
http code: 200
请求成功...
文件保存成功！
大小: 5736
位置: _img/foodpics/mid_photo_url_0d143de67c2e8eec79b4d34e103ae3c1.jpg
http code: 200
请求成功...
文件保存成功！
大小: 23587
位置: _img/foodpics/474b00fc6e034445b3e057df3c739ae1.jpg
http code: 200
请求成功...
文件保存成功！
大小: 14252
位置: _img/foodpics/246411f9c7194d8e997ac07e63d9333e.jpg
http code: 200
请求成功...
文件保存成功！
大小: 26247
位置: _img/foodpics/915776972b2f4969bcb5ae7d44457ccd.jpg
http code: 200
请求成功...
文件保存成功！
大小: 26749
位置: _img/foodpics/6e2699fdd8754d0993f6a27ec0f2cc60.jpg
http code: 200
请求成功...
文件保存成功！
大小: 26389
位置: _img/foodpics/8dbbbd2053854b5b91fb3ad2f1d6b0fd.jpg
http code: 200
请求成功...
文件保存成功！
大小: 5925
位置: _img/foodpics/mid_photo_url_c4fbd6a79a770cbfaeb641b9b79379f5.jpg
http code: 200
请求成功...
文件保存成功！
大小: 5642
位置: _img/foodpics/20567742ddac44d38e59acbe1e1d0f26.jpg
http code: 200
请求成功...
文件保存成功！
大小: 33648
位置: _img/foodpics/bbeb864399494a43807d5df85892a5b7.jpg
http code: 200
请求成功...
文件保存成功！
大小: 29553
位置: _img/foodpics/e7430d39b9bb4718b57a8d6c72b732c1.jpg
http code: 200
请求成功...
文件保存成功！
大小: 42786
位置: _img/foodpics/1a2d074ed76a44a5ad8e22be1d7c1bad.jpg
http code: 200
请求成功...
文件保存成功！
大小: 24950
位置: _img/foodpics/1b26de627a63492d8cf96f5ff27d430d.jpg
http code: 200
请求成功...
文件保存成功！
大小: 7111
位置: _img/foodpics/mid_photo_url_fd0d0a3070ba0ef0b3aeb6fd377391c6.jpg
http code: 200
请求成功...
文件保存成功！
大小: 24423
位置: _img/foodpics/c31483a93e7048f5bf3ddb1c6ea296af.jpg
http code: 200
请求成功...
文件保存成功！
大小: 24423
位置: _img/foodpics/03721b26dd9144c9ba061d9abe7bc058.jpg
http code: 200
请求成功...
文件保存成功！
大小: 5432
位置: _img/foodpics/47299504032340bdb1b98aa9e29b7777.jpg
http code: 200
请求成功...
文件保存成功！
大小: 24423
位置: _img/foodpics/efd5531741ab48c19958129593ae6942.jpg
http code: 200
请求成功...
文件保存成功！
大小: 29435
位置: _img/foodpics/1b136bac228f4b32956de7530e17c3f9.jpg
http code: 200
请求成功...
文件保存成功！
大小: 8945
位置: _img/foodpics/de142c62d194428f8e20274443fee65f.jpg
http code: 200
请求成功...
文件保存成功！
大小: 29153
位置: _img/foodpics/b8900ac18bcc4ae0addff478837f7990.jpg
http code: 200
请求成功...
文件保存成功！
大小: 29153
位置: _img/foodpics/b7dac09c11ef43dbabef154c229bcf50.jpg
http code: 200
请求成功...
文件保存成功！
大小: 29153
位置: _img/foodpics/737d9a298d7843c3bd7fa5cb54db9dce.jpg
http code: 200
请求成功...
文件保存成功！
大小: 4089
位置: _img/foodpics/59d1ffedf78641ecaa209a6fe56b0184.jpg
http code: 200
请求成功...
文件保存成功！
大小: 7100
位置: _img/foodpics/16311089b2dc400c9f674a7a064bbfd0.jpg
http code: 200
请求成功...
文件保存成功！
大小: 4542
位置: _img/foodpics/3a109679beb64a1fa10e78a64eeaefbf.jpg
http code: 200
请求成功...
文件保存成功！
大小: 5123
位置: _img/foodpics/0b71ea97ff454f768cc3b42a68b6c488.jpg
http code: 200
请求成功...
文件保存成功！
大小: 26763
位置: _img/foodpics/22e68cfa3d4146258a4629168f19da80.jpg
http code: 200
请求成功...
文件保存成功！
大小: 9612
位置: _img/foodpics/706f35868b094b18aadbd429f8cd594d.jpg
http code: 200
请求成功...
文件保存成功！
大小: 31029
位置: _img/foodpics/744ba8f5f1f74bb5a959884a1bf280cd.jpg
http code: 200
请求成功...
文件保存成功！
大小: 31238
位置: _img/foodpics/6f0180947a9c47bfb5083107d311ebc3.jpg
http code: 200
请求成功...
文件保存成功！
大小: 31394
位置: _img/foodpics/cf0fca6db8bf4cd197171790796b996c.jpg
http code: 200
请求成功...
文件保存成功！
大小: 3378
位置: _img/foodpics/90fff7401f3644718fbac3bd1a90c236.jpg
http code: 200
请求成功...
文件保存成功！
大小: 7959
位置: _img/foodpics/526206049ea44996a86bc9c96410dd8d.jpg
http code: 200
请求成功...
文件保存成功！
大小: 51317
位置: _img/foodpics/6c3494b1e3a349a5a90edcbac14a3b20.jpg
http code: 200
请求成功...
文件保存成功！
大小: 3378
位置: _img/foodpics/d42031f22d694715a9e7962e3a5027d4.jpg
http code: 200
请求成功...
文件保存成功！
大小: 5203
位置: _img/foodpics/mid_photo_url_f0976b8d5dd9777c524b964dd8df4000.jpg
http code: 200
请求成功...
文件保存成功！
大小: 5159
位置: _img/foodpics/dd1b9ed564f44694ab5dd3e7d0ff4d1c.jpg
http code: 200
请求成功...
文件保存成功！
大小: 3378
位置: _img/foodpics/2e44cfefcdb047489fa72c48ae9a12c6.jpg
http code: 200
请求成功...
文件保存成功！
大小: 6676
位置: _img/foodpics/3910b743258c4f4a989f5d4ba74e3f8d.jpg
http code: 200
请求成功...
文件保存成功！
大小: 20438
位置: _img/foodpics/b254e68f0bff456784361246bf4f9464.jpg
http code: 200
请求成功...
文件保存成功！
大小: 4315
位置: _img/foodpics/98d48dae88094df0b847af782a7b995f.jpg
http code: 200
请求成功...
文件保存成功！
大小: 5617
位置: _img/foodpics/m_baihetuoshui.jpg
http code: 200
请求成功...
文件保存成功！
大小: 68756
位置: _img/foodpics/040c447a177a42798cd07c02855f3690.jpg
http code: 200
请求成功...
文件保存成功！
大小: 18764
位置: _img/foodpics/502b6f8ab9534c609a2eafa2ab94fc1e.jpg
http code: 200
请求成功...
文件保存成功！
大小: 6578
位置: _img/foodpics/mid_photo_url_a5bd3061ffec64650aa02ffa7a2a412d.jpg
http code: 200
请求成功...
文件保存成功！
大小: 5519
位置: _img/foodpics/mid_photo_url_d02b3d3422f388fa65aeecb5277b1b73.jpg
http code: 200
请求成功...
文件保存成功！
大小: 26486
位置: _img/foodpics/6e444cc1d28546c6ab9a3efc717cf5ce.jpg
http code: 200
请求成功...
文件保存成功！
大小: 26905
位置: _img/foodpics/6afc13c595374ef291d3844dcc9dcdea.jpg
http code: 200
请求成功...
文件保存成功！
大小: 4756
位置: _img/foodpics/mid_photo_url_694aeac4eb3a2e78b8fca95298fe20fa.jpg
http code: 200
请求成功...
文件保存成功！
大小: 25089
位置: _img/foodpics/46ad2a0165ac408fa963b646b2bc53a0.jpg
http code: 200
请求成功...
文件保存成功！
大小: 25868
位置: _img/foodpics/12685e42329240698d60b2344e3daaef.jpg
http code: 200
请求成功...
文件保存成功！
大小: 25927
位置: _img/foodpics/ca431982ddaf4d5ca22878f681625348.jpg
http code: 200
请求成功...
文件保存成功！
大小: 27947
位置: _img/foodpics/0b84d15dce3540b39b4bc05ac707f5c3.jpg
http code: 200
请求成功...
文件保存成功！
大小: 5413
位置: _img/foodpics/659844fc195d4e97ac66521a46ba4a48.jpg
http code: 200
请求成功...
文件保存成功！
大小: 4220
位置: _img/foodpics/e50a82e44b904f90befc8b93e406ffc4.jpg
http code: 200
请求成功...
文件保存成功！
大小: 5595
位置: _img/foodpics/c9ed40947b9e49fdb77eabe25822bbcb.jpg
http code: 200
请求成功...
文件保存成功！
大小: 6291
位置: _img/foodpics/7b02d6c106a64a33a7ac2dfe97e09736.jpg
http code: 200
请求成功...
文件保存成功！
大小: 6291
位置: _img/foodpics/c792450bb7454333b6ba17fa12cd6682.jpg
http code: 200
请求成功...
文件保存成功！
大小: 6291
位置: _img/foodpics/c5010ea717624ec780095dc4155c6a60.jpg
http code: 200
请求成功...
文件保存成功！
大小: 6291
位置: _img/foodpics/ce7fca3b3f1841fb8077a137ee7c97df.jpg
http code: 200
请求成功...
文件保存成功！
大小: 6291
位置: _img/foodpics/9655b30a349745e4ba01349ad1517d4d.jpg
http code: 200
请求成功...
文件保存成功！
大小: 6291
位置: _img/foodpics/6872ad3b1f6e49f9a218d6e0461069dd.jpg
http code: 200
请求成功...
文件保存成功！
大小: 6291
位置: _img/foodpics/9f884574b8ef4e8c9bc1d7d2e8cb6507.jpg
http code: 200
请求成功...
文件保存成功！
大小: 6291
位置: _img/foodpics/b1451a634f1741e4bc61860c0965edcc.jpg
http code: 200
请求成功...
文件保存成功！
大小: 6291
位置: _img/foodpics/13a3b4aedc374b2c9c33d28efb14c49f.jpg
http code: 200
请求成功...
文件保存成功！
大小: 6291
位置: _img/foodpics/9134361682d247e8a039cb1323649c41.jpg
http code: 200
请求成功...
文件保存成功！
大小: 6291
位置: _img/foodpics/8d341e51dd194f2f8fa506d1607eecda.jpg
http code: 200
请求成功...
文件保存成功！
大小: 4788
位置: _img/foodpics/c378f2ef12da472984d5b39d6d054710.jpg
http code: 200
请求成功...
文件保存成功！
大小: 6291
位置: _img/foodpics/1a8c7a0de3214f4c82020f43ea267cc6.jpg
http code: 200
请求成功...
文件保存成功！
大小: 6291
位置: _img/foodpics/22c3ea956fc94014b84098142119a77f.jpg
http code: 200
请求成功...
文件保存成功！
大小: 6291
位置: _img/foodpics/dc3d008823fe4d82acec994ffa9302d9.jpg
http code: 200
请求成功...
文件保存成功！
大小: 6291
位置: _img/foodpics/fec76f730d094b1580dcc215a72ed5ec.jpg
http code: 200
请求成功...
文件保存成功！
大小: 7716
位置: _img/foodpics/7ff533a4808b4e76abaac81af3dda727.jpg
http code: 200
请求成功...
文件保存成功！
大小: 8066
位置: _img/foodpics/6f30d6debd2342c2b35e78b7c5fce327.jpg
http code: 200
请求成功...
文件保存成功！
大小: 6431
位置: _img/foodpics/8d4f6dab22d1486f921f7943ed345c0b.jpg
http code: 200
请求成功...
文件保存成功！
大小: 6291
位置: _img/foodpics/6d118c7e91ed4cbea5e0b80514e356bd.jpg
http code: 200
请求成功...
文件保存成功！
大小: 6291
位置: _img/foodpics/ed4d0d350ec549509b2399aaaa4ad659.jpg
http code: 200
请求成功...
文件保存成功！
大小: 12487
位置: _img/foodpics/afeb8d97769842d49a9caa15f5fa4dcc.jpg
http code: 200
请求成功...
文件保存成功！
大小: 8445
位置: _img/foodpics/6c42515b52224a698fc8d0f8144b0c1a.jpg
http code: 200
请求成功...
文件保存成功！
大小: 22429
位置: _img/foodpics/3be17d2448c046d699c7afe490e04dc4.jpg
http code: 200
请求成功...
文件保存成功！
大小: 9503
位置: _img/foodpics/e1352075a75b49d58e30bd77881da6f6.jpg
http code: 200
请求成功...
文件保存成功！
大小: 6524
位置: _img/foodpics/c42d21c609824ef48529dc9ce813fc48.jpg
http code: 200
请求成功...
文件保存成功！
大小: 26135
位置: _img/foodpics/9ab5f801c5df439bbd5ed41ee4fc3b40.jpg
http code: 200
请求成功...
文件保存成功！
大小: 37654
位置: _img/foodpics/c382e1e6caac44bcae8a24805bde3c03.png
http code: 200
请求成功...
文件保存成功！
大小: 6574
位置: _img/foodpics/cc0f60e575cb40558711c709472d88ce.jpg
http code: 200
请求成功...
文件保存成功！
大小: 29454
位置: _img/foodpics/c15928ff4d074e889b423222cdabc815.jpg
http code: 200
请求成功...
文件保存成功！
大小: 8176
位置: _img/foodpics/420b7bd925704c9189b84510958ac38f.jpg
http code: 200
请求成功...
文件保存成功！
大小: 22780
位置: _img/foodpics/3b757b89d5a446fda94ec96ee15425f7.jpg
http code: 200
请求成功...
文件保存成功！
大小: 18367
位置: _img/foodpics/a947f7b12d754c97bfa86239fedeec07.jpg
http code: 200
请求成功...
文件保存成功！
大小: 4326
位置: _img/foodpics/e036810d20854ea68fdda6a214bf3162.jpg
http code: 200
请求成功...
文件保存成功！
大小: 11419
位置: _img/foodpics/64da00ba20814462ac99bbbf57239507.jpg
http code: 200
请求成功...
文件保存成功！
大小: 18058
位置: _img/foodpics/fc2d847aa76f41678030649dcda3e4c4.jpg
http code: 200
请求成功...
文件保存成功！
大小: 6233
位置: _img/foodpics/5ee451e61f0d47f3b415dc6ced648b19.jpg
http code: 200
请求成功...
文件保存成功！
大小: 13124
位置: _img/foodpics/92f68fec7aa04f23b7062db56812c631.jpg
http code: 200
请求成功...
文件保存成功！
大小: 19254
位置: _img/foodpics/ea9f062110d148b69fe3f6cbb10c38ec.jpg
http code: 200
请求成功...
文件保存成功！
大小: 13124
位置: _img/foodpics/19875ae27b6740569da7562ff75d10b1.jpg
http code: 200
请求成功...
文件保存成功！
大小: 6649
位置: _img/foodpics/71ad71e3fcdf425dbfa50ec1bbf4a087.jpg
http code: 200
请求成功...
文件保存成功！
大小: 25891
位置: _img/foodpics/aed4c667f79643e6ba3b756086124878.jpg
http code: 200
请求成功...
文件保存成功！
大小: 26285
位置: _img/foodpics/0700b1d0355041a88a0608fb4e5c6a65.jpg
http code: 200
请求成功...
文件保存成功！
大小: 25522
位置: _img/foodpics/d64e672f8b3e440d938438be8a31ff7a.jpg
http code: 200
请求成功...
文件保存成功！
大小: 27096
位置: _img/foodpics/e370cfb5af7e416391f07b28f2da0039.jpg
http code: 200
请求成功...
文件保存成功！
大小: 27930
位置: _img/foodpics/5a82b9de21a54757b08bb5546a55b007.jpg
http code: 200
请求成功...
文件保存成功！
大小: 29699
位置: _img/foodpics/f0cd21c8aeed426ab9aa9edf4968e28e.jpg
http code: 200
请求成功...
文件保存成功！
大小: 2669
位置: _img/foodpics/929ad591718949dc990bd1d2aa69a33f.jpg
http code: 200
请求成功...
文件保存成功！
大小: 2669
位置: _img/foodpics/17499808e59c4a4daf2779e37db13fa6.jpg
http code: 200
请求成功...
文件保存成功！
大小: 22746
位置: _img/foodpics/9a31165f0c1643b9bd06cd7c97a8193e.jpg
http code: 200
请求成功...
文件保存成功！
大小: 2669
位置: _img/foodpics/57fd8cdeb4304a40a1944ea282e08c45.jpg
http code: 200
请求成功...
文件保存成功！
大小: 30218
位置: _img/foodpics/27cb2a0b28ad4dae887bfb628c7906a9.jpg
http code: 200
请求成功...
文件保存成功！
大小: 10266
位置: _img/foodpics/mid_photo_url_3b9ad164013aea0ec38fc5992f3f58df.jpg
http code: 200
请求成功...
文件保存成功！
大小: 30250
位置: _img/foodpics/4c73f5b541b6402b95d5972b390c461c.jpg
http code: 200
请求成功...
文件保存成功！
大小: 31994
位置: _img/foodpics/8dee154c00914cb3b59e58db637f6d5c.jpg
http code: 200
请求成功...
文件保存成功！
大小: 30616
位置: _img/foodpics/226c33d465014a42a49afba7c3f9d08c.jpg
http code: 200
请求成功...
文件保存成功！
大小: 30300
位置: _img/foodpics/6aeb4f449eb24be680d1c15ae10ca46a.jpg
http code: 200
请求成功...
文件保存成功！
大小: 29621
位置: _img/foodpics/af47eb0efb0d42dfa5a6bff057dfe4a9.jpg
http code: 200
请求成功...
文件保存成功！
大小: 31257
位置: _img/foodpics/d1a00e3c242940a199d5ef385b7731c3.jpg
http code: 200
请求成功...
文件保存成功！
大小: 10150
位置: _img/foodpics/mid_photo_url_0c3c0f9547cabbb5d4b8ec383b66f033.jpg
http code: 200
请求成功...
文件保存成功！
大小: 29669
位置: _img/foodpics/c0549fef6b564538823c12d515a5d265.jpg
http code: 200
请求成功...
文件保存成功！
大小: 29737
位置: _img/foodpics/7853cf96a3664c718aa2b3bb5c23408b.jpg
http code: 200
请求成功...
文件保存成功！
大小: 30560
位置: _img/foodpics/ec0897e67f1c4c368ca6f29ad27e49a8.jpg
http code: 200
请求成功...
文件保存成功！
大小: 31460
位置: _img/foodpics/920d4a8b9c6149289cd9dc378830f551.jpg
http code: 200
请求成功...
文件保存成功！
大小: 31409
位置: _img/foodpics/6081cdc490de4506aacdf2221d068237.jpg
http code: 200
请求成功...
文件保存成功！
大小: 32860
位置: _img/foodpics/853a254ace4d4513bc5d65449bb4971c.jpg
http code: 200
请求成功...
文件保存成功！
大小: 31898
位置: _img/foodpics/2a0a685bad494416b1c94a0edaefaa38.jpg
http code: 200
请求成功...
文件保存成功！
大小: 33844
位置: _img/foodpics/8ee924ee18994d44871be52369b4a7e3.jpg
http code: 200
请求成功...
文件保存成功！
大小: 32666
位置: _img/foodpics/6bd753117b1541fa8a9922ab08f0d958.jpg
http code: 200
请求成功...
文件保存成功！
大小: 33665
位置: _img/foodpics/6906a80275754ad5ad3c460f9e1151f2.jpg
http code: 200
请求成功...
文件保存成功！
大小: 33147
位置: _img/foodpics/00d38b723b024ab5ab20845a29b41e09.jpg
http code: 200
请求成功...
文件保存成功！
大小: 31998
位置: _img/foodpics/e994b4b584d14686acc9c9fd0787c0af.jpg
http code: 200
请求成功...
文件保存成功！
大小: 33646
位置: _img/foodpics/0c88688f76a54521a0fa1971873ee332.jpg
http code: 200
请求成功...
文件保存成功！
大小: 6666
位置: _img/foodpics/d03fcf8b2152493aafc7aff8226028d9.jpg
http code: 200
请求成功...
文件保存成功！
大小: 31748
位置: _img/foodpics/bd5a62a2ea2f41978aa20902bd9cfa35.jpg
http code: 200
请求成功...
文件保存成功！
大小: 29735
位置: _img/foodpics/edf93af5b2ba4272be9ac2c943e960d3.JPG
http code: 200
请求成功...
文件保存成功！
大小: 21356
位置: _img/foodpics/df3fe8916f4341b480658dadc03aa385.jpg
http code: 200
请求成功...
文件保存成功！
大小: 5616
位置: _img/foodpics/9826dd83f33f4480a9ac626e8025590b.jpg
http code: 200
请求成功...
文件保存成功！
大小: 12392
位置: _img/foodpics/8bc0cb72843940af94264f0123d8159d.jpg
http code: 200
请求成功...
文件保存成功！
大小: 7587
位置: _img/foodpics/ab20014f064149dba17ef224a442f510.jpg
http code: 200
请求成功...
文件保存成功！
大小: 17840
位置: _img/foodpics/763513f84cc249ca8031a00ee2e6c97e.jpg
http code: 200
请求成功...
文件保存成功！
大小: 4629
位置: _img/foodpics/e6b651ac82444988b0031f31bf55c36f.jpg
http code: 200
请求成功...
文件保存成功！
大小: 2474
位置: _img/foodpics/c89ef6e0a3eb47d08aade998806126e2.jpg
http code: 200
请求成功...
文件保存成功！
大小: 2474
位置: _img/foodpics/73e01aa2e81a43268fdeb547d0b71708.jpg
http code: 200
请求成功...
文件保存成功！
大小: 4635
位置: _img/foodpics/16e3f6bd4162414bac70f21724f4288c.jpg
http code: 200
请求成功...
文件保存成功！
大小: 2474
位置: _img/foodpics/e5c274bfa8c7474db603edea8a3d205e.jpg
http code: 200
请求成功...
文件保存成功！
大小: 12845
位置: _img/foodpics/9d86a070ac824faf87e1302822606095.jpg
http code: 200
请求成功...
文件保存成功！
大小: 12845
位置: _img/foodpics/b07ded5fd8d846f0aabb61b575ddc733.jpg
http code: 200
请求成功...
文件保存成功！
大小: 4538
位置: _img/foodpics/62d040e59f2a40a19260c5d79a0ee71b.jpg
http code: 200
请求成功...
文件保存成功！
大小: 18702
位置: _img/foodpics/40c829216cae4d189d4f89b1a16f0663.jpg
http code: 200
请求成功...
文件保存成功！
大小: 9648
位置: _img/foodpics/023bcc7d02e64934806e7e08b48a31a8.jpg
http code: 200
请求成功...
文件保存成功！
大小: 7030
位置: _img/foodpics/b77346a288944fd09eb51223114702e0.jpg
http code: 200
请求成功...
文件保存成功！
大小: 17492
位置: _img/foodpics/163b6437d68b41739be1ca63cdc19b7c.jpg
http code: 200
请求成功...
文件保存成功！
大小: 20723
位置: _img/foodpics/168633fadc2a4327a0ad11a2cce03161.jpg
http code: 200
请求成功...
文件保存成功！
大小: 9438
位置: _img/foodpics/860a9bc4c6634adabed8479141c784fc.jpg
http code: 200
请求成功...
文件保存成功！
大小: 14796
位置: _img/foodpics/fc0fd5a10d2243ca86cc67d4116ab503.jpg
http code: 200
请求成功...
文件保存成功！
大小: 14796
位置: _img/foodpics/cf1ad0e531f3460d821b063273f99931.jpg
http code: 200
请求成功...
文件保存成功！
大小: 10710
位置: _img/foodpics/99eb06e5d7694c7b8fd0a0b1eb43750d.jpg
http code: 200
请求成功...
文件保存成功！
大小: 9838
位置: _img/foodpics/29c19bc945ce433083687efceb72d0f5.jpg
http code: 200
请求成功...
文件保存成功！
大小: 4635
位置: _img/foodpics/16e3f6bd4162414bac70f21724f4288c.jpg
http code: 200
请求成功...
文件保存成功！
大小: 36127
位置: _img/foodpics/9f5fe3414b754048aa5ad71351c75cd0.jpg
http code: 200
请求成功...
文件保存成功！
大小: 4144
位置: _img/foodpics/2eaaf2fc5af044ae8250b0498067dca9.jpg
http code: 200
请求成功...
文件保存成功！
大小: 10871
位置: _img/foodpics/mid_photo_url_a1d196ed8da165c0c30114af882bd135.jpg
http code: 200
请求成功...
文件保存成功！
大小: 35312
位置: _img/foodpics/3750f979fd5347b2b265704a40f745ae.jpg
http code: 200
请求成功...
文件保存成功！
大小: 4300
位置: _img/foodpics/f46932a7b6604feda5406e647d37bc34.jpg
http code: 200
请求成功...
文件保存成功！
大小: 7065
位置: _img/foodpics/mid_photo_url_1ab55406d49a7f41e66a04aef1410b8c.jpg
http code: 200
请求成功...
文件保存成功！
大小: 20325
位置: _img/foodpics/e76b378a53764e92ae980456beb17bc6.jpg
http code: 200
请求成功...
文件保存成功！
大小: 39440
位置: _img/foodpics/108bae020e414855ba70dd9c1eccfa6e.jpg
http code: 200
请求成功...
文件保存成功！
大小: 6154
位置: _img/foodpics/mid_photo_url_79e3627a6ad7cd7dc2404f91f5b8a026.jpg
http code: 200
请求成功...
文件保存成功！
大小: 5219
位置: _img/foodpics/mid_photo_url_066f1d72e5d72f1ee86c56fc346580df.jpg
http code: 200
请求成功...
文件保存成功！
大小: 10386
位置: _img/foodpics/7c91d50f15e041afbd49f714af5f8242.jpg
http code: 200
请求成功...
文件保存成功！
大小: 13864
位置: _img/foodpics/439134c89fec4f5080f155894e962e8a.jpg
http code: 200
请求成功...
文件保存成功！
大小: 2948
位置: _img/foodpics/e6b298816137438bac6149490400b86e.jpg
http code: 200
请求成功...
文件保存成功！
大小: 10970
位置: _img/foodpics/5a431601a76f484c908b365ae0793a54.jpg
http code: 200
请求成功...
文件保存成功！
大小: 26179
位置: _img/foodpics/238f1a549e4e4444ac4a313d5069ffa9.jpg
http code: 200
请求成功...
文件保存成功！
大小: 5036
位置: _img/foodpics/mid_photo_url_bfa2ee91f09166f95b7d50ea37f9c8e0.jpg
http code: 200
请求成功...
文件保存成功！
大小: 5412
位置: _img/foodpics/acb4329e4698403abe98ecda752d4288.jpg
http code: 200
请求成功...
文件保存成功！
大小: 34877
位置: _img/foodpics/a0c5a88819de4b23924443b22460c637.jpg
http code: 200
请求成功...
文件保存成功！
大小: 25491
位置: _img/foodpics/cad896f132164cc3b03dd25ef649ccb8.jpg
http code: 200
请求成功...
文件保存成功！
大小: 8027
位置: _img/foodpics/00bc222c2ae84f97ad80eeb7fdc11785.jpg
http code: 200
请求成功...
文件保存成功！
大小: 11886
位置: _img/foodpics/mid_photo_url_0b67124c30e8e87ec68e8cd20babcefe.jpg
http code: 200
请求成功...
文件保存成功！
大小: 7057
位置: _img/foodpics/e8f65657f4894d4f8bffcfdbf7e25599.jpg
http code: 200
请求成功...
文件保存成功！
大小: 3499
位置: _img/foodpics/b2a1e397737f4e329f7b6cb19753e0ac.jpg
http code: 200
请求成功...
文件保存成功！
大小: 36456
位置: _img/foodpics/ce913f7af427466cb0fe8d98808f0630.jpg
http code: 200
请求成功...
文件保存成功！
大小: 16089
位置: _img/foodpics/35860bdbdeec4f359ccc938828970524.jpg
http code: 200
请求成功...
文件保存成功！
大小: 19173
位置: _img/foodpics/e36d0474741c4dc392de9cac79414ca0.jpg
http code: 200
请求成功...
文件保存成功！
大小: 5311
位置: _img/foodpics/716c4e0ab53f4e9b951db3b074eb6281.jpg
http code: 200
请求成功...
文件保存成功！
大小: 4681
位置: _img/foodpics/1e3e7d3749a04f83b14ab8f3562c6830.jpg
http code: 200
请求成功...
文件保存成功！
大小: 5863
位置: _img/foodpics/mid_photo_url_dd2096e0385bbc3bcb05a4bbda420a49.jpg
http code: 200
请求成功...
文件保存成功！
大小: 6978
位置: _img/foodpics/mid_photo_url_9d27c6437266125eddda6509bf57247c.jpg
http code: 200
请求成功...
文件保存成功！
大小: 24083
位置: _img/foodpics/8f92f8c50c9f44eab94b6a71b5c10e8e.jpg
http code: 200
请求成功...
文件保存成功！
大小: 11317
位置: _img/foodpics/dbed15a6462a4014bb0f6b6ef4e7fa77.jpg
http code: 200
请求成功...
文件保存成功！
大小: 32463
位置: _img/foodpics/80e89f54555c47ef8970e514fd548fb0.jpg
http code: 200
请求成功...
文件保存成功！
大小: 6181
位置: _img/foodpics/91d9f6ec21844b018a5088de20e4f095.jpg
http code: 200
请求成功...
文件保存成功！
大小: 5272
位置: _img/foodpics/mid_photo_url_c2d925fd65d94fdd67593f31ac0d2eb0.jpg
http code: 200
请求成功...
文件保存成功！
大小: 14334
位置: _img/foodpics/4684f2b433c14782870868626acb836d.jpg
http code: 200
请求成功...
文件保存成功！
大小: 7487
位置: _img/foodpics/9ebaeec176a54fd6850ca88994058830.jpg
http code: 200
请求成功...
文件保存成功！
大小: 6194
位置: _img/foodpics/0509a9be6e50487294646f72c127db0d.jpg
http code: 200
请求成功...
文件保存成功！
大小: 7034
位置: _img/foodpics/mid_photo_url_5ee9c827ac11e3231455b1f9195bd6bc.jpg
http code: 200
请求成功...
文件保存成功！
大小: 7034
位置: _img/foodpics/mid_photo_url_3941b2ec025318671b2f9c1125798d49.jpg
http code: 200
请求成功...
文件保存成功！
大小: 7057
位置: _img/foodpics/7983a4c8e65b48d5b0f87bd2b3005a24.jpg
http code: 200
请求成功...
文件保存成功！
大小: 28306
位置: _img/foodpics/c26d5a28f54242d7a41ba96c9fb936fe.jpg
http code: 200
请求成功...
文件保存成功！
大小: 12845
位置: _img/foodpics/9d86a070ac824faf87e1302822606095.jpg
http code: 200
请求成功...
文件保存成功！
大小: 5909
位置: _img/foodpics/mid_photo_url_a379c26687cced88ad2a010026db6a63.jpg
http code: 200
请求成功...
文件保存成功！
大小: 45683
位置: _img/foodpics/9faf08b2614548e4887c848f97a70500.jpg
http code: 200
请求成功...
文件保存成功！
大小: 45683
位置: _img/foodpics/ee606357c3a24805ab75b85ab333c9fa.jpg
http code: 200
请求成功...
文件保存成功！
大小: 15305
位置: _img/foodpics/d7b6f9b7bf3a4582802ca5b388f28e5f.jpg
http code: 200
请求成功...
文件保存成功！
大小: 9866
位置: _img/foodpics/777c7298e74340178897c676ee9c2297.jpg
http code: 200
请求成功...
文件保存成功！
大小: 11880
位置: _img/foodpics/01840b0513c84a81a983ab3671c44d4b.jpg
http code: 200
请求成功...
文件保存成功！
大小: 23024
位置: _img/foodpics/7cfe2fc2e2694b61923bcca2b9da74a0.jpg
http code: 200
请求成功...
文件保存成功！
大小: 20053
位置: _img/foodpics/bd9046eca01f43f9aa264d1b0dc302c1.jpg
http code: 200
请求成功...
文件保存成功！
大小: 22377
位置: _img/foodpics/750f9ea0e06a4671a95facb2b2718f4b.jpg
http code: 200
请求成功...
文件保存成功！
大小: 18665
位置: _img/foodpics/6779cec522a04575ad236fe688d64070.jpg
http code: 200
请求成功...
文件保存成功！
大小: 16535
位置: _img/foodpics/dc547a39af6441f2998f06fabeb51650.jpg
http code: 200
请求成功...
文件保存成功！
大小: 21680
位置: _img/foodpics/0425872046454069a3f9af43a9c0d993.jpg
http code: 200
请求成功...
文件保存成功！
大小: 28489
位置: _img/foodpics/f27e25a0b1264f44ab3a4e699a4d98cc.jpg
http code: 200
请求成功...
文件保存成功！
大小: 20565
位置: _img/foodpics/d580d387a5f9459e849a6be334f25c89.jpg
http code: 200
请求成功...
文件保存成功！
大小: 19279
位置: _img/foodpics/c02675df1e2041c58e2e54e7b1ce4179.jpg
http code: 200
请求成功...
文件保存成功！
大小: 24087
位置: _img/foodpics/36e4efac6c844877b71a827fc254eb5a.jpg
http code: 200
请求成功...
文件保存成功！
大小: 24670
位置: _img/foodpics/1752e7ceb73c4bd682cb6553e554a4ef.jpg
http code: 200
请求成功...
文件保存成功！
大小: 23722
位置: _img/foodpics/e0db28c04c0e4d5b9f7d5c9fc25fbb38.jpg
http code: 200
请求成功...
文件保存成功！
大小: 23978
位置: _img/foodpics/6642dddc4b8048948989973824464261.jpg
http code: 200
请求成功...
文件保存成功！
大小: 23119
位置: _img/foodpics/34b75a8bdc86412ba99396116a94a398.jpg
http code: 200
请求成功...
文件保存成功！
大小: 23351
位置: _img/foodpics/18099012a6cc49e1af3dd91d13c907a3.jpg
http code: 200
请求成功...
文件保存成功！
大小: 23069
位置: _img/foodpics/9b02d00a1db647edab81db9187b72ff5.jpg
http code: 200
请求成功...
文件保存成功！
大小: 23882
位置: _img/foodpics/ecbf8208df2d4d899bfdc661e6ca56a2.jpg
http code: 200
请求成功...
文件保存成功！
大小: 24113
位置: _img/foodpics/98b2ba5b3a9c49abafd1ebc8bcb0fcb1.jpg
http code: 200
请求成功...
文件保存成功！
大小: 27528
位置: _img/foodpics/7747145bbb504b52a131c22eb1a9a1f6.jpg
http code: 200
请求成功...
文件保存成功！
大小: 25031
位置: _img/foodpics/439d0c94174b4d48a457dc37e9d3b674.jpg
http code: 200
请求成功...
文件保存成功！
大小: 5064
位置: _img/foodpics/m_zhuer.jpg
http code: 200
请求成功...
文件保存成功！
大小: 23921
位置: _img/foodpics/c4b91740980a4f1980f57ebeebe164cd.jpg
http code: 200
请求成功...
文件保存成功！
大小: 2166
位置: _img/foodpics/5ef8ca72a48941a1af801f4def545466.jpg
http code: 200
请求成功...
文件保存成功！
大小: 24322
位置: _img/foodpics/b565158bc1914fa6a34c0f59b04981d4.jpg
http code: 200
请求成功...
文件保存成功！
大小: 40867
位置: _img/foodpics/5d6ac1eece6f47ab963be0b24457e98c.jpg
http code: 200
请求成功...
文件保存成功！
大小: 26435
位置: _img/foodpics/140f3fdfc5bd472e995a65b3e9851247.jpg
http code: 200
请求成功...
文件保存成功！
大小: 34768
位置: _img/foodpics/03f791e4e73242fa80b1c01c5df99b47.jpg
http code: 200
请求成功...
文件保存成功！
大小: 28642
位置: _img/foodpics/f06dda427ab6466ab0668e563da9318c.jpg
http code: 200
请求成功...
文件保存成功！
大小: 9888
位置: _img/foodpics/3a68ce3068954b6b89a6ccf9ac64916b.jpg
http code: 200
请求成功...
文件保存成功！
大小: 27686
位置: _img/foodpics/5014c993fc0c4a99a5ea8c87c3b285b0.jpg
http code: 200
请求成功...
文件保存成功！
大小: 2732
位置: _img/foodpics/527357aa443b484da3ccd231fc37c445.jpg
http code: 200
请求成功...
文件保存成功！
大小: 27508
位置: _img/foodpics/dffa62d9d4214fafa1accb81162b1ae2.jpg
http code: 200
请求成功...
文件保存成功！
大小: 26167
位置: _img/foodpics/365b6422113c4edfaa4e01da56213a59.jpg
http code: 200
请求成功...
文件保存成功！
大小: 3723
位置: _img/foodpics/87a46fc9f7ce4f07bbddddf427ef247f.jpg
http code: 200
请求成功...
文件保存成功！
大小: 2203
位置: _img/foodpics/65acac09391246c9bba9557be850da29.jpg
http code: 200
请求成功...
文件保存成功！
大小: 41570
位置: _img/foodpics/1f1f294759ed4738a944daf4fb092057.png
http code: 200
请求成功...
文件保存成功！
大小: 4967
位置: _img/foodpics/afb7d06ccfea4fa68a19d03ebd4429fb.jpg
http code: 200
请求成功...
文件保存成功！
大小: 24653
位置: _img/foodpics/7f6dbbdea88e4a76ada6572be5120ee9.jpg
http code: 200
请求成功...
文件保存成功！
大小: 4148
位置: _img/foodpics/7d71db55add145529021448f585e748d.jpg
http code: 200
请求成功...
文件保存成功！
大小: 4117
位置: _img/foodpics/609908835f284fbbb8469266fd8ffd8b.jpg
http code: 200
请求成功...
文件保存成功！
大小: 3971
位置: _img/foodpics/8f8eb2082f254d7ca2d1036393299390.jpg
http code: 200
请求成功...
文件保存成功！
大小: 3166
位置: _img/foodpics/c90700983abd4bf79738209ecd2b6f21.jpg
http code: 200
请求成功...
文件保存成功！
大小: 4891
位置: _img/foodpics/a9d659b27c454ec3933c803864140664.jpg
http code: 200
请求成功...
文件保存成功！
大小: 5405
位置: _img/foodpics/bbd53acbe1b94234808027d96e31b2bd.jpg
http code: 200
请求成功...
文件保存成功！
大小: 3871
位置: _img/foodpics/a06fa4a2bee945728214345ee0170a21.jpg
http code: 200
请求成功...
文件保存成功！
大小: 3166
位置: _img/foodpics/65f098cb2b224017bf3e9372b94927c9.jpg
http code: 200
请求成功...
文件保存成功！
大小: 2784
位置: _img/foodpics/663b8e4390b64137855933b7427753b2.jpg
http code: 200
请求成功...
文件保存成功！
大小: 14281
位置: _img/foodpics/68f401cd3d6c405fb22013005e258cd8.jpg
http code: 200
请求成功...
文件保存成功！
大小: 2481
位置: _img/foodpics/427e84005ecf472aae59364fc4c8bc29.jpg
http code: 200
请求成功...
文件保存成功！
大小: 2957
位置: _img/foodpics/e8f131ba6cae4fae88752ac97feec1d2.jpg
http code: 200
请求成功...
文件保存成功！
大小: 2893
位置: _img/foodpics/d001d18c01b7473a99635c77e2336722.jpg
http code: 200
请求成功...
文件保存成功！
大小: 2893
位置: _img/foodpics/6f71eeb461714f56a1516de48cc8dcf1.jpg
http code: 200
请求成功...
文件保存成功！
大小: 2893
位置: _img/foodpics/2e6cb24b9dfe4cbeaeaa8001ef17603d.jpg
http code: 200
请求成功...
文件保存成功！
大小: 3862
位置: _img/foodpics/91ed9bb99fb243edba7f3f3d4277184a.jpg
http code: 200
请求成功...
文件保存成功！
大小: 3386
位置: _img/foodpics/ce339a74f7ab4fcfae3739575451ccee.jpg
http code: 200
请求成功...
文件保存成功！
大小: 4927
位置: _img/foodpics/c83942987f6b4d0881ede7fca001a14e.jpg
http code: 200
请求成功...
文件保存成功！
大小: 2166
位置: _img/foodpics/18b61c663a4a49d183d036c44df7edc2.jpg
http code: 200
请求成功...
文件保存成功！
大小: 1844
位置: _img/foodpics/859467f90d944025a7d515d60003d9c3.jpg
http code: 200
请求成功...
文件保存成功！
大小: 5162
位置: _img/foodpics/8f18c6f0bdb0474c83646b6bc50cba44.jpg
http code: 200
请求成功...
文件保存成功！
大小: 3084
位置: _img/foodpics/bf99bab6c4364e85a580ae9ec142943d.jpg
http code: 200
请求成功...
文件保存成功！
大小: 3663
位置: _img/foodpics/2c1bf9fedaf448489c6a101a34b21da9.jpg
http code: 200
请求成功...
文件保存成功！
大小: 13108
位置: _img/foodpics/m_niunaonn1.gif
http code: 200
请求成功...
文件保存成功！
大小: 1904
位置: _img/foodpics/0793c10f6f254c30b50ad67709ed8a5e.jpg
http code: 200
请求成功...
文件保存成功！
大小: 3017
位置: _img/foodpics/ab2a973d064848eaabd60ce8fe868acb.jpg
http code: 200
请求成功...
文件保存成功！
大小: 5977
位置: _img/foodpics/e61b3136c3254e38af463274926e34e1.jpg
http code: 200
请求成功...
文件保存成功！
大小: 4948
位置: _img/foodpics/e31099973b4049c3baa711caf25efdab.jpg
http code: 200
请求成功...
文件保存成功！
大小: 42952
位置: _img/foodpics/259b58b230da42d59e80a23eac48a5ea.JPG
http code: 200
请求成功...
文件保存成功！
大小: 4464
位置: _img/foodpics/f0fd9ab663104268b4a93ea1b12011c7.jpg
http code: 200
请求成功...
文件保存成功！
大小: 2166
位置: _img/foodpics/18b61c663a4a49d183d036c44df7edc2.jpg
http code: 200
请求成功...
文件保存成功！
大小: 4299
位置: _img/foodpics/9b6b20037daa4c80b6a0521e34c66442.jpg
http code: 200
请求成功...
文件保存成功！
大小: 4299
位置: _img/foodpics/7767170c4b9443aa9a4581d0b893acda.jpg
http code: 200
请求成功...
文件保存成功！
大小: 3402
位置: _img/foodpics/1bacf12aae074273b3642652a044c04c.jpg
http code: 200
请求成功...
文件保存成功！
大小: 4299
位置: _img/foodpics/fad71827b1da4463b673e312c0a3b8cb.jpg
http code: 200
请求成功...
文件保存成功！
大小: 4299
位置: _img/foodpics/ebbcc77e732d4bdfaa1d424437b0b1e2.jpg
http code: 200
请求成功...
文件保存成功！
大小: 4299
位置: _img/foodpics/513fd84be7be4ee1acd8eb1c294b9b7c.jpg
http code: 200
请求成功...
文件保存成功！
大小: 5750
位置: _img/foodpics/user_mid_76228_1213345376.jpg
http code: 200
请求成功...
文件保存成功！
大小: 5310
位置: _img/foodpics/f96e097d7e3848a0a056c987a6a94c12.jpg
http code: 200
请求成功...
文件保存成功！
大小: 4425
位置: _img/foodpics/ac5dcaee23f74262a338db315169f37f.jpg
http code: 200
请求成功...
文件保存成功！
大小: 4912
位置: _img/foodpics/ca39270d667144a5b9fabc6d8e21fd68.jpg
http code: 200
请求成功...
文件保存成功！
大小: 3884
位置: _img/foodpics/dc12bb17a5e14cc9b5ef821d9edc8943.jpg
http code: 200
请求成功...
文件保存成功！
大小: 3046
位置: _img/foodpics/73de05b2786b42e6a0610f0b357d2b8d.jpg
http code: 200
请求成功...
文件保存成功！
大小: 3434
位置: _img/foodpics/e640431e99a84461b83aed479a7d790b.jpg
http code: 200
请求成功...
文件保存成功！
大小: 10454
位置: _img/foodpics/mid_photo_url_bdae8181942381b9b598b265ae3b005b.jpg
http code: 200
请求成功...
文件保存成功！
大小: 3828
位置: _img/foodpics/aec2400368d64fe0af103046e864dafd.jpg
http code: 200
请求成功...
文件保存成功！
大小: 3473
位置: _img/foodpics/eb64854e02364b94bd05d9021c7e8189.jpg
http code: 200
请求成功...
文件保存成功！
大小: 5469
位置: _img/foodpics/7357d6c873c04bd9b72e544213d5ffbb.jpg
http code: 200
请求成功...
文件保存成功！
大小: 6030
位置: _img/foodpics/user_mid_171991_1229330812.jpg
http code: 200
请求成功...
文件保存成功！
大小: 4326
位置: _img/foodpics/76d1f033f7e64fadb31f7d0f0f67ea27.jpg
http code: 200
请求成功...
文件保存成功！
大小: 4091
位置: _img/foodpics/fc3c85596e0d4535962b7b0f402415d3.jpg
http code: 200
请求成功...
文件保存成功！
大小: 4091
位置: _img/foodpics/76bf55532f144b67b6e97b0860116634.jpg
http code: 200
请求成功...
文件保存成功！
大小: 3038
位置: _img/foodpics/38e130f78f134e56b8babb2b1d4fa107.jpg
http code: 200
请求成功...
文件保存成功！
大小: 4026
位置: _img/foodpics/f5047b80d23248e98678254bf431b0a3.jpg
http code: 200
请求成功...
文件保存成功！
大小: 6325
位置: _img/foodpics/ca01be85ab204762b295117487476b4d.jpg
http code: 200
请求成功...
文件保存成功！
大小: 5543
位置: _img/foodpics/5d0a10fbcc0e4bababe796fec66b151a.jpg
http code: 200
请求成功...
文件保存成功！
大小: 5543
位置: _img/foodpics/2863aeb8d96e4977a6699647bf1b4285.jpg
http code: 200
请求成功...
文件保存成功！
大小: 22220
位置: _img/foodpics/f3ce8f4f7f724533a979d7e8a19c9b67.jpg
http code: 200
请求成功...
文件保存成功！
大小: 2948
位置: _img/foodpics/e6b298816137438bac6149490400b86e.jpg
http code: 200
请求成功...
文件保存成功！
大小: 22598
位置: _img/foodpics/4e6cfe9c7d8f44b29ae4072a95ad2d53.jpg
http code: 200
请求成功...
文件保存成功！
大小: 24692
位置: _img/foodpics/07793e7684104d1b9cf47363fd78f02e.jpg
http code: 200
请求成功...
文件保存成功！
大小: 23199
位置: _img/foodpics/d5de7ee90fbf480fbc9a5dcb71bd1acc.jpg
http code: 200
请求成功...
文件保存成功！
大小: 3851
位置: _img/foodpics/a48adc0ebbd74c71aff8e82b3987bc9c.jpg
http code: 200
请求成功...
文件保存成功！
大小: 3839
位置: _img/foodpics/aeb109b7da294b579df9ffdd765b42d5.jpg
http code: 200
请求成功...
文件保存成功！
大小: 2784
位置: _img/foodpics/e02cfeb259b9454a9a778d6ae303d906.jpg
http code: 200
请求成功...
文件保存成功！
大小: 5378
位置: _img/foodpics/1cf6e0e9ff624e36bdee76ed0efe640c.jpg
http code: 200
请求成功...
文件保存成功！
大小: 5403
位置: _img/foodpics/55c54449f7584fbb918b98b2c25a125e.jpg
http code: 200
请求成功...
文件保存成功！
大小: 4233
位置: _img/foodpics/1c09aeb5d01f46b6a3589569f91151be.jpg
http code: 200
请求成功...
文件保存成功！
大小: 5336
位置: _img/foodpics/2403f683f16943af9d760506e89f17e1.jpg
http code: 200
请求成功...
文件保存成功！
大小: 23894
位置: _img/foodpics/2be354bf95114d829d7f96a1266b1d53.jpg
http code: 200
请求成功...
文件保存成功！
大小: 3300
位置: _img/foodpics/7be646ee013e48cf92c80473b9c20887.jpg
http code: 200
请求成功...
文件保存成功！
大小: 4651
位置: _img/foodpics/49b63e2e2f9c4b5eb0b617acfcf7af7b.jpg
http code: 200
请求成功...
文件保存成功！
大小: 5387
位置: _img/foodpics/1bfc95f56960498d98641fd93429ea5b.jpg
http code: 200
请求成功...
文件保存成功！
大小: 3734
位置: _img/foodpics/09daa30f097445359c81879c4e6bf655.jpg
http code: 200
请求成功...
文件保存成功！
大小: 4336
位置: _img/foodpics/109fc6e3e6db457cb9d42767fd6b6f5e.jpg
http code: 200
请求成功...
文件保存成功！
大小: 38565
位置: _img/foodpics/f9030d118491458e87e5e9c17fa5e727.JPG
http code: 200
请求成功...
文件保存成功！
大小: 5564
位置: _img/foodpics/05c1ca99de7347f491c760fe76ed345c.jpg
http code: 200
请求成功...
文件保存成功！
大小: 3231
位置: _img/foodpics/dd7abaa5c2ae431db6af68bc78795903.jpg
http code: 200
请求成功...
文件保存成功！
大小: 3851
位置: _img/foodpics/b09f3e3556be48c38ba161d62cb1c9b7.jpg
http code: 200
请求成功...
文件保存成功！
大小: 5299
位置: _img/foodpics/cc6eef7aa1ae4a4f946389d284951401.jpg
http code: 200
请求成功...
文件保存成功！
大小: 40398
位置: _img/foodpics/56d23ae790944adf9241bcc6dfface77.JPG
http code: 200
请求成功...
文件保存成功！
大小: 36646
位置: _img/foodpics/1de79ba7e863445199aa6a275296aa01.jpg
http code: 200
请求成功...
文件保存成功！
大小: 4618
位置: _img/foodpics/mid_photo_url_590f9056fad2a1b65a2c05aef6e165ca.jpg
http code: 200
请求成功...
文件保存成功！
大小: 4614
位置: _img/foodpics/mid_photo_url_39a48fcdb32f0b4e4195211d75f548b0.jpg
http code: 200
请求成功...
文件保存成功！
大小: 4562
位置: _img/foodpics/e0e20e66b9ca4601a22dbafc1702aec1.jpg
http code: 200
请求成功...
文件保存成功！
大小: 3188
位置: _img/foodpics/mid_photo_2010429133350891.jpg
http code: 200
请求成功...
文件保存成功！
大小: 6842
位置: _img/foodpics/6784f07e37bf4f33a0103d5b4a968f9d.jpg
http code: 200
请求成功...
文件保存成功！
大小: 2032
位置: _img/foodpics/ee949c6c04884f83aa8333bc54ba08b9.jpg
http code: 200
请求成功...
文件保存成功！
大小: 2913
位置: _img/foodpics/ca83dc58af3a4f8abd1dd0718f8ae08d.jpg
http code: 200
请求成功...
文件保存成功！
大小: 2032
位置: _img/foodpics/c38d78d94b2c4c5d98a60af2410388e2.jpg
http code: 200
请求成功...
文件保存成功！
大小: 2183
位置: _img/foodpics/608640217f79471fa7ca71e7da040d59.jpg
http code: 200
请求成功...
文件保存成功！
大小: 1350
位置: _img/foodpics/3c50913d920a4069a3df91c71920adb9.jpg
http code: 200
请求成功...
文件保存成功！
大小: 3526
位置: _img/foodpics/e38ff8298ea040abb5bbf76f69349e6d.jpg
http code: 200
请求成功...
文件保存成功！
大小: 1350
位置: _img/foodpics/a569b5a5572740f8bcc6621fdc2909e5.jpg
http code: 200
请求成功...
文件保存成功！
大小: 4646
位置: _img/foodpics/d72f190c04c54445be2e583a622c7bb6.jpg
http code: 200
请求成功...
文件保存成功！
大小: 2131
位置: _img/foodpics/cd5e68ac0023457eb39486126f237881.jpg
http code: 200
请求成功...
文件保存成功！
大小: 15805
位置: _img/foodpics/fe687e1adebc400b86a62373bdb006b6.jpg
http code: 200
请求成功...
文件保存成功！
大小: 28382
位置: _img/foodpics/b96403df17154da39008a40d7cd02fec.jpg
http code: 200
请求成功...
文件保存成功！
大小: 29508
位置: _img/foodpics/343a02265e15436dbac46a8678c4a578.jpg
http code: 200
请求成功...
文件保存成功！
大小: 1846
位置: _img/foodpics/c36f36fe8969429b9df7fb02093bfaa7.jpg
http code: 200
请求成功...
文件保存成功！
大小: 4768
位置: _img/foodpics/bf0334a72c314250b45fabe43368f00f.jpg
http code: 200
请求成功...
文件保存成功！
大小: 30903
位置: _img/foodpics/982715ad6e084711baa902ed7998f5ac.jpg
http code: 200
请求成功...
文件保存成功！
大小: 26293
位置: _img/foodpics/1b32ebede3054747884b48ee6fe02395.jpg
http code: 200
请求成功...
文件保存成功！
大小: 34155
位置: _img/foodpics/19f27a5750e44cd484ecec5030c2c3e7.jpg
http code: 200
请求成功...
文件保存成功！
大小: 4150
位置: _img/foodpics/c81de04256c54345aca1f85d9df7ec85.jpg
http code: 200
请求成功...
文件保存成功！
大小: 2102
位置: _img/foodpics/f15fc55322b449509e4ee4772ad47843.jpg
http code: 200
请求成功...
文件保存成功！
大小: 25947
位置: _img/foodpics/945b2099e3d24eac879c87ee0e287f59.jpg
http code: 200
请求成功...
文件保存成功！
大小: 34581
位置: _img/foodpics/a071a7927d814e71a2c3dacd7c730c73.jpg
http code: 200
请求成功...
文件保存成功！
大小: 5192
位置: _img/foodpics/mid_photo_url_f60cb052e816cd2d7517d66011b40254.jpg
http code: 200
请求成功...
文件保存成功！
大小: 3830
位置: _img/foodpics/14a7c58d88cb45b9982c38226ed32c63.jpg
http code: 200
请求成功...
文件保存成功！
大小: 3467
位置: _img/foodpics/51d1bff9445e4623ba4d0a7bbca2ab4c.jpg
http code: 200
请求成功...
文件保存成功！
大小: 3467
位置: _img/foodpics/c3c0ca67b23d4b82b245788960f0d460.jpg
http code: 200
请求成功...
文件保存成功！
大小: 3467
位置: _img/foodpics/32e20916d85e4660bcab60a5c5746ba1.jpg
http code: 200
请求成功...
文件保存成功！
大小: 2050
位置: _img/foodpics/1531fb88b74843149b76f0b222c4143c.jpg
http code: 200
请求成功...
文件保存成功！
大小: 3467
位置: _img/foodpics/3aab6709925a4bb9b54c78aa6d2a4568.jpg
http code: 200
请求成功...
文件保存成功！
大小: 3467
位置: _img/foodpics/fbf4d8df461142a199462ea716d4582e.jpg
http code: 200
请求成功...
文件保存成功！
大小: 3467
位置: _img/foodpics/3de341f8c74c4a23b894043631228572.jpg
http code: 200
请求成功...
文件保存成功！
大小: 4094
位置: _img/foodpics/m_luofei.jpg
http code: 200
请求成功...
文件保存成功！
大小: 3374
位置: _img/foodpics/4be7bc692ef8417caac9f13dc5847143.jpg
http code: 200
请求成功...
文件保存成功！
大小: 3467
位置: _img/foodpics/9d94fb9fa3c842e9a73e2328a879dd2a.jpg
http code: 200
请求成功...
文件保存成功！
大小: 3467
位置: _img/foodpics/f215233d271640e28a00a4ee2cfb72de.jpg
http code: 200
请求成功...
文件保存成功！
大小: 5437
位置: _img/foodpics/12c4e81ab4c44b729e1e9e1196a4b4f1.jpg
http code: 200
请求成功...
文件保存成功！
大小: 4409
位置: _img/foodpics/3c4947b90c484e27b9cf036753d27ef9.jpg
http code: 200
请求成功...
文件保存成功！
大小: 3467
位置: _img/foodpics/6a052823eb9b46119f03a975f1a08214.jpg
http code: 200
请求成功...
文件保存成功！
大小: 2009
位置: _img/foodpics/bc7784503c6f433c8814882f5c7e5115.jpg
http code: 200
请求成功...
文件保存成功！
大小: 3467
位置: _img/foodpics/475b8a34ea194a8691a7dabae12f637f.jpg
http code: 200
请求成功...
文件保存成功！
大小: 6504
位置: _img/foodpics/71c00f796b15448f86ba61a5317eace6.jpg
http code: 200
请求成功...
文件保存成功！
大小: 5205
位置: _img/foodpics/b744a60a0ff842eba64968e4202f1104.jpg
http code: 200
请求成功...
文件保存成功！
大小: 4361
位置: _img/foodpics/5116342a56974bc2ac7f775858006dbc.jpg
http code: 200
请求成功...
文件保存成功！
大小: 5639
位置: _img/foodpics/0b08eee763a14dbaa6ee2336f6685eb3.jpg
http code: 200
请求成功...
文件保存成功！
大小: 4939
位置: _img/foodpics/11b2572766fe4a17a4b6538b76b7df76.jpg
http code: 200
请求成功...
文件保存成功！
大小: 4522
位置: _img/foodpics/92c9be80a8804ec48676d3f8c7ff0456.jpg
http code: 200
请求成功...
文件保存成功！
大小: 3467
位置: _img/foodpics/b6e1f42b4ee24cebaceb00bc1292da4b.jpg
http code: 200
请求成功...
文件保存成功！
大小: 3229
位置: _img/foodpics/2321aef7dc154d4d8ff6f6e0d74dea37.jpg
http code: 200
请求成功...
文件保存成功！
大小: 3467
位置: _img/foodpics/e22c55bd967c49009e10ca533d2f3bd8.jpg
http code: 200
请求成功...
文件保存成功！
大小: 3467
位置: _img/foodpics/c7fd0f23192242fcaafdeea6aebc5928.jpg
http code: 200
请求成功...
文件保存成功！
大小: 3467
位置: _img/foodpics/c22ed1a8e348426aa9b560fc8811943b.jpg
http code: 200
请求成功...
文件保存成功！
大小: 4819
位置: _img/foodpics/067540cac7ea4b948c1979b357497fb1.jpg
http code: 200
请求成功...
文件保存成功！
大小: 3467
位置: _img/foodpics/95cd7bec419c436ea9dfad4c3f581afb.jpg
http code: 200
请求成功...
文件保存成功！
大小: 3467
位置: _img/foodpics/94bb638c1b09482c877fa1e803ff941a.jpg
http code: 200
请求成功...
文件保存成功！
大小: 3467
位置: _img/foodpics/f8ba3253ff1148f0b37125d8c8025236.jpg
http code: 200
请求成功...
文件保存成功！
大小: 3467
位置: _img/foodpics/fd9cc64287254d418fdbcadd3c621bfd.jpg
http code: 200
请求成功...
文件保存成功！
大小: 3260
位置: _img/foodpics/919fe596e3444f7595ce187fecaf3f8a.jpg
http code: 200
请求成功...
文件保存成功！
大小: 6217
位置: _img/foodpics/47f05d48215c456e9b89e4240d632a7b.jpg
http code: 200
请求成功...
文件保存成功！
大小: 18764
位置: _img/foodpics/502b6f8ab9534c609a2eafa2ab94fc1e.jpg
http code: 200
请求成功...
文件保存成功！
大小: 2834
位置: _img/foodpics/03690aa8f6e4418fbc4d6a645574e355.jpg
http code: 200
请求成功...
文件保存成功！
大小: 2834
位置: _img/foodpics/7e5ca3a3faf84fdcb98a3cea5abbb816.jpg
http code: 200
请求成功...
文件保存成功！
大小: 2608
位置: _img/foodpics/5fea84bf50b845a4a1cd690c25204703.jpg
http code: 200
请求成功...
文件保存成功！
大小: 3540
位置: _img/foodpics/aabefd4f35e34f478bcfd930a77b9fb5.jpg
http code: 200
请求成功...
文件保存成功！
大小: 5489
位置: _img/foodpics/f465ad9af7ae4b308a90031e89b30568.jpg
http code: 200
请求成功...
文件保存成功！
大小: 4037
位置: _img/foodpics/0ace6c267de44c17b520043fe2a610e2.jpg
http code: 200
请求成功...
文件保存成功！
大小: 2686
位置: _img/foodpics/e2a882174a164fc7b9730f3888bd8d69.jpg
http code: 200
请求成功...
文件保存成功！
大小: 5362
位置: _img/foodpics/525a9ff15fa24825809937f2ffb11ce7.jpg
http code: 200
请求成功...
文件保存成功！
大小: 5489
位置: _img/foodpics/cb9a78070ebf45b0bd2ff939d8a0283c.jpg
http code: 200
请求成功...
文件保存成功！
大小: 5823
位置: _img/foodpics/bc1104c61be34e6281b5ccf4c1ae541d.jpg
http code: 200
请求成功...
文件保存成功！
大小: 4103
位置: _img/foodpics/bcb54102c6ec478fad807c9dd0dd1c57.jpg
http code: 200
请求成功...
文件保存成功！
大小: 3240
位置: _img/foodpics/0af76af131eb4342ba444fc06ef1b45b.jpg
http code: 200
请求成功...
文件保存成功！
大小: 4016
位置: _img/foodpics/0a9b3722a53042b99916551d872b107f.jpg
http code: 200
请求成功...
文件保存成功！
大小: 3148
位置: _img/foodpics/20f71d6e4cfb47cab5b2079c2baede7d.jpg
http code: 200
请求成功...
文件保存成功！
大小: 4186
位置: _img/foodpics/9aa2d4257bcc4d53b36495dbf24300a0.jpg
http code: 200
请求成功...
文件保存成功！
大小: 5412
位置: _img/foodpics/acb4329e4698403abe98ecda752d4288.jpg
http code: 200
请求成功...
文件保存成功！
大小: 5349
位置: _img/foodpics/6ae4528b848c4dcb8f942672803389f2.jpg
http code: 200
请求成功...
文件保存成功！
大小: 5658
位置: _img/foodpics/db2ce51d26ab444aa20bb2ded04072da.jpg
http code: 200
请求成功...
文件保存成功！
大小: 4000
位置: _img/foodpics/5f1f9a813c37431cacf58603f99b64ce.jpg
http code: 200
请求成功...
文件保存成功！
大小: 6833
位置: _img/foodpics/ccd65fd244204d77808788386690693f.jpg
http code: 200
请求成功...
文件保存成功！
大小: 5455
位置: _img/foodpics/bd058ce1a5234762a4804e8c956df91b.jpg
http code: 200
请求成功...
文件保存成功！
大小: 5092
位置: _img/foodpics/48a44bd47e5945f186e7cc43ed75260d.jpg
http code: 200
请求成功...
文件保存成功！
大小: 5798
位置: _img/foodpics/8d263ddfee1c4887908e0c708c7ef182.jpg
http code: 200
请求成功...
文件保存成功！
大小: 5798
位置: _img/foodpics/28c3fd60ee6e4ca19bd24d53f0dbcc73.jpg
http code: 200
请求成功...
文件保存成功！
大小: 5798
位置: _img/foodpics/f4d3af494aaf4214a7e38d5e24156713.jpg
http code: 200
请求成功...
文件保存成功！
大小: 5798
位置: _img/foodpics/0c817cd81546405c9bb42e6e3ac603bc.jpg
http code: 200
请求成功...
文件保存成功！
大小: 5798
位置: _img/foodpics/253fced00df74e3da6ca998d1e27d3c5.jpg
http code: 200
请求成功...
文件保存成功！
大小: 4779
位置: _img/foodpics/47abed3b6c0845eb8c69f6613eee06e1.jpg
http code: 200
请求成功...
文件保存成功！
大小: 3172
位置: _img/foodpics/cc0d64716c344375a690777e0f804d1c.jpg
http code: 200
请求成功...
文件保存成功！
大小: 3172
位置: _img/foodpics/edbbc14e12464f7a924906401c669543.jpg
http code: 200
请求成功...
文件保存成功！
大小: 3172
位置: _img/foodpics/7b185c2d114e41499c2e4555414a3cd2.jpg
http code: 200
请求成功...
文件保存成功！
大小: 6295
位置: _img/foodpics/d6c1ec86d3f64f97abbcfc0ddbfba643.jpg
http code: 200
请求成功...
文件保存成功！
大小: 2700
位置: _img/foodpics/5fb906a8cc514d72bd408bbd402b290e.jpg
http code: 200
请求成功...
文件保存成功！
大小: 2847
位置: _img/foodpics/7975c4d8f4d24596a7396e686a5b4340.jpg
http code: 200
请求成功...
文件保存成功！
大小: 4307
位置: _img/foodpics/6c4a6d24fa714ba89476adaef9bd09c3.jpg
http code: 200
请求成功...
文件保存成功！
大小: 4446
位置: _img/foodpics/ec663bdb7a7346f9b6e0bc5919a2e6fb.jpg
http code: 200
请求成功...
文件保存成功！
大小: 3970
位置: _img/foodpics/360ba2ca4a13418f8d0f3f33a37a2870.jpg
http code: 200
请求成功...
文件保存成功！
大小: 2772
位置: _img/foodpics/7e919c4ef724412d9f7550dd9fba0040.jpg
http code: 200
请求成功...
文件保存成功！
大小: 4028
位置: _img/foodpics/0a58450ab2794dabaac8fcfca0e1e2ad.jpg
http code: 200
请求成功...
文件保存成功！
大小: 5037
位置: _img/foodpics/mid_photo_url_b8a72725aa5fa502989a753aa1de4825.jpg
http code: 200
请求成功...
文件保存成功！
大小: 4702
位置: _img/foodpics/mid_photo_url_93c1d943580efaf06c5ed652a28dec5a.jpg
http code: 200
请求成功...
文件保存成功！
大小: 5497
位置: _img/foodpics/18f256a15e6247f0b627a8dad24b9670.jpg
http code: 200
请求成功...
文件保存成功！
大小: 8924
位置: _img/foodpics/64e3f1fa66df4467a2f16cf0c039ffe1.jpg
http code: 200
请求成功...
文件保存成功！
大小: 5752
位置: _img/foodpics/f89a386e3c0e4383adc0c8a5874195c7.jpg
http code: 200
请求成功...
文件保存成功！
大小: 4926
位置: _img/foodpics/mid_photo_url_e1a85dae0fbb7472338c6cef4c2ce7c2.jpg
http code: 200
请求成功...
文件保存成功！
大小: 3867
位置: _img/foodpics/3567c04bb6aa41fb9b9057ace0e08123.jpg
http code: 200
请求成功...
文件保存成功！
大小: 2814
位置: _img/foodpics/5da0089b012a4acf8cbfe19e2b7309ad.jpg
http code: 200
请求成功...
文件保存成功！
大小: 4650
位置: _img/foodpics/5de57353c9b54484a4b77d31a71f7f0d.jpg
http code: 200
请求成功...
文件保存成功！
大小: 4448
位置: _img/foodpics/57e7e9f181514310b93733943c44c17e.jpg
http code: 200
请求成功...
文件保存成功！
大小: 2948
位置: _img/foodpics/e7e28fd907c942a1ae1058bdbe71b7b9.jpg
http code: 200
请求成功...
文件保存成功！
大小: 4336
位置: _img/foodpics/b346791eedcb4ec7b236249748ecf2fe.jpg
http code: 200
请求成功...
文件保存成功！
大小: 2416
位置: _img/foodpics/b5fabcf51feb42198cb05a0d9cc2e49f.jpg
http code: 200
请求成功...
文件保存成功！
大小: 2912
位置: _img/foodpics/7fcfb20b0af047ccaa683910dad9033b.jpg
http code: 200
请求成功...
文件保存成功！
大小: 1707
位置: _img/foodpics/379a78f57a9d445cb799bb6673def6fb.jpg
http code: 200
请求成功...
文件保存成功！
大小: 3052
位置: _img/foodpics/306611a68b4545adba1bc428ae301dbd.jpg
http code: 200
请求成功...
文件保存成功！
大小: 3366
位置: _img/foodpics/72a4b916fb554c07b05025aa147d7c41.jpg
http code: 200
请求成功...
文件保存成功！
大小: 3010
位置: _img/foodpics/2596bb4f2bbd413286a5bdfc5746f157.jpg
http code: 200
请求成功...
文件保存成功！
大小: 7616
位置: _img/foodpics/mid_photo_2015221916381356.jpg
http code: 200
请求成功...
文件保存成功！
大小: 2580
位置: _img/foodpics/1a8b98aacbcf4b039ae9116cc5b10671.jpg
http code: 200
请求成功...
文件保存成功！
大小: 2317
位置: _img/foodpics/92e0c92ad602423bae3df2229ad87aca.jpg
http code: 200
请求成功...
文件保存成功！
大小: 3205
位置: _img/foodpics/318e5a0e03154a40885130808e519078.jpg
http code: 200
请求成功...
文件保存成功！
大小: 4508
位置: _img/foodpics/1b7ba80e2ca84431ae046535be565741.jpg
http code: 200
请求成功...
文件保存成功！
大小: 3821
位置: _img/foodpics/64f47ea7874143e5b36e9c47a9e3792a.jpg
http code: 200
请求成功...
文件保存成功！
大小: 3821
位置: _img/foodpics/51c009bfc96043b88278839905a46fee.jpg
http code: 200
请求成功...
文件保存成功！
大小: 2020
位置: _img/foodpics/bc87e17fab17418e8e15b5beeba87c0b.jpg
http code: 200
请求成功...
文件保存成功！
大小: 4344
位置: _img/foodpics/bf0f59a4cdc74230b0c6c089d4ab2e33.jpg
http code: 200
请求成功...
文件保存成功！
大小: 2217
位置: _img/foodpics/ffccb0e91d4e45da9cc2f9b589c12632.jpg
http code: 200
请求成功...
文件保存成功！
大小: 2552
位置: _img/foodpics/483cae2b5ad34f53bfc3ea5741288993.jpg
http code: 200
请求成功...
文件保存成功！
大小: 3197
位置: _img/foodpics/ae20afe9e8d141bf91b6e749481f44cb.jpg
http code: 200
请求成功...
文件保存成功！
大小: 8191
位置: _img/foodpics/9f324e1bb9524f0faf6d69a149526e2e.jpg
http code: 200
请求成功...
文件保存成功！
大小: 4205
位置: _img/foodpics/5e0511e654d44efc87452ccb4c4d0d74.jpg
http code: 200
请求成功...
文件保存成功！
大小: 2417
位置: _img/foodpics/718bdd027bda472b9aeec926776ca65c.jpg
http code: 200
请求成功...
文件保存成功！
大小: 2788
位置: _img/foodpics/6fd33f61c4b24fb7b9d6015608f7c67c.jpg
http code: 200
请求成功...
文件保存成功！
大小: 4154
位置: _img/foodpics/f9f0d78e0d96476b87900e486b6d9a28.jpg
http code: 200
请求成功...
文件保存成功！
大小: 2404
位置: _img/foodpics/6675e7207959495db2d689c2338f60e2.jpg
http code: 200
请求成功...
文件保存成功！
大小: 4427
位置: _img/foodpics/433066c4e1d0429ba08f8be0a88fc07f.jpg
http code: 200
请求成功...
文件保存成功！
大小: 2305
位置: _img/foodpics/a596feafadb54cfc86e92807842d930c.jpg
http code: 200
请求成功...
文件保存成功！
大小: 4639
位置: _img/foodpics/d927a8ae6c6347fcb1894557a3c8e23a.jpg
http code: 200
请求成功...
文件保存成功！
大小: 4930
位置: _img/foodpics/40634e1eb809400ab1114805f77dddd3.jpg
http code: 200
请求成功...
文件保存成功！
大小: 5320
位置: _img/foodpics/2edb1a32f13841c8833531497309103d.jpg
http code: 200
请求成功...
文件保存成功！
大小: 4349
位置: _img/foodpics/4ab6e9a8c0234d1fa8a24f5225bbc35b.jpg
http code: 200
请求成功...
文件保存成功！
大小: 3900
位置: _img/foodpics/af4238b769f64a36a04a77d4511d5e97.jpg
http code: 200
请求成功...
文件保存成功！
大小: 3900
位置: _img/foodpics/168f097c040541bea4a7d91750e82681.jpg
http code: 200
请求成功...
文件保存成功！
大小: 3699
位置: _img/foodpics/2e01d08156564601abfaa55cfddbac5c.jpg
http code: 200
请求成功...
文件保存成功！
大小: 8218
位置: _img/foodpics/62fb2c8a22b545dc9f88f4ff6fddf49f.jpg
http code: 200
请求成功...
文件保存成功！
大小: 5481
位置: _img/foodpics/c836456100e241b782aff79ed55d09a2.jpg
http code: 200
请求成功...
文件保存成功！
大小: 5517
位置: _img/foodpics/0d1706c58c3a4e06a272f4da5df33cec.jpg
http code: 200
请求成功...
文件保存成功！
大小: 29996
位置: _img/foodpics/d2e6e6b9341348c9acbee2f8f4f9c21a.jpg
http code: 200
请求成功...
文件保存成功！
大小: 25280
位置: _img/foodpics/60ab61255dee44c2be8b321e2c0947bc.jpg
http code: 200
请求成功...
文件保存成功！
大小: 6466
位置: _img/foodpics/be6d3554fd13479e9160734e49022eb2.jpg
http code: 200
请求成功...
文件保存成功！
大小: 5094
位置: _img/foodpics/e985c2b54a4e43169ba5ccbd3d4f602b.jpg
http code: 200
请求成功...
文件保存成功！
大小: 5685
位置: _img/foodpics/6ad5490dddee4a32b3e2fa10abaf842d.jpg
http code: 200
请求成功...
文件保存成功！
大小: 6747
位置: _img/foodpics/cf87f8f9860144e29c0d39434622751b.jpg
http code: 200
请求成功...
文件保存成功！
大小: 26331
位置: _img/foodpics/d06b2f7c6e5c430093ed1138ee6625c2.jpg
http code: 200
请求成功...
文件保存成功！
大小: 25767
位置: _img/foodpics/e732cb9a16e345eda2c10b6714dd76ce.jpg
http code: 200
请求成功...
文件保存成功！
大小: 6587
位置: _img/foodpics/d193b9bcdd1f4e59b75e61f8ffae89fa.jpg
http code: 200
请求成功...
文件保存成功！
大小: 25442
位置: _img/foodpics/e52a22b356c442f4a92ed47b7ca12a94.jpg
http code: 200
请求成功...
文件保存成功！
大小: 4082
位置: _img/foodpics/9c427d28a0dc4cab98466cc5d376c072.jpg
http code: 200
请求成功...
文件保存成功！
大小: 7373
位置: _img/foodpics/21ae420071c54c98bba30247461bddd6.jpg
http code: 200
请求成功...
文件保存成功！
大小: 2657
位置: _img/foodpics/c776d0f7a91c459081fe24afcb6e0cb4.jpg
http code: 200
请求成功...
文件保存成功！
大小: 5147
位置: _img/foodpics/ad22250f8e7046688018c6ec7c4dd08b.jpg
http code: 200
请求成功...
文件保存成功！
大小: 2618
位置: _img/foodpics/096320b22f7943f599c54716a7c2802a.jpg
http code: 200
请求成功...
文件保存成功！
大小: 6821
位置: _img/foodpics/f7382578d87540b1b42f86524c7bb485.jpg
http code: 200
请求成功...
文件保存成功！
大小: 4275
位置: _img/foodpics/533aa527b9b941b6a4b02ebe2d9b6457.jpg
http code: 200
请求成功...
文件保存成功！
大小: 4917
位置: _img/foodpics/21eba2df2eab4631b62a2526f5fec1e0.jpg
http code: 200
请求成功...
文件保存成功！
大小: 3616
位置: _img/foodpics/77f09545b4a44b32879395175d91058d.jpg
http code: 200
请求成功...
文件保存成功！
大小: 3616
位置: _img/foodpics/79996e86e0754e6a90abe238654e2a51.jpg
http code: 200
请求成功...
文件保存成功！
大小: 2980
位置: _img/foodpics/a85e70a6c2f9490b8390c580198af9bd.jpg
http code: 200
请求成功...
文件保存成功！
大小: 4519
位置: _img/foodpics/93c7d03661174bccb0e6c6d72cd3e729.jpg
http code: 200
请求成功...
文件保存成功！
大小: 5455
位置: _img/foodpics/ef997ae74a9f4244b5b2957efd37b932.jpg
http code: 200
请求成功...
文件保存成功！
大小: 33403
位置: _img/foodpics/69744319e3ef48988c76c8de7717008e.jpg
http code: 200
请求成功...
文件保存成功！
大小: 9760
位置: _img/foodpics/mid_photo_url_cd82df4c03bd1f2a3d659b25f974a8ff.jpg
http code: 200
请求成功...
文件保存成功！
大小: 6895
位置: _img/foodpics/e68ec20bd6c54c38981588c6ef51bb4d.jpg
http code: 200
请求成功...
文件保存成功！
大小: 42668
位置: _img/foodpics/mid_photo_url_30919254f9f84321772a75585afeff89.jpg
http code: 200
请求成功...
文件保存成功！
大小: 4213
位置: _img/foodpics/fce9260edf8c4bb59a19a078ae84c9b1.jpg
http code: 200
请求成功...
文件保存成功！
大小: 3226
位置: _img/foodpics/f7f1b2c5257a4515b19d6634cf85008b.jpg
http code: 200
请求成功...
文件保存成功！
大小: 4166
位置: _img/foodpics/dd06dded735146968d5436292d060f35.jpg
http code: 200
请求成功...
文件保存成功！
大小: 3756
位置: _img/foodpics/d4a4fca03f4543369e0b51173d5c09ff.jpg
http code: 200
请求成功...
文件保存成功！
大小: 3756
位置: _img/foodpics/c24cb9f8caf743fa9b5c1853fb330f7f.jpg
http code: 200
请求成功...
文件保存成功！
大小: 4150
位置: _img/foodpics/93e7bea805b44f8cb754a71e8c07384f.jpg
http code: 200
请求成功...
文件保存成功！
大小: 4481
位置: _img/foodpics/37f8ef166c2540ff909a487b2d920080.jpg
http code: 200
请求成功...
文件保存成功！
大小: 5800
位置: _img/foodpics/95cfca74f3774352ba2fe9280cdada3e.jpg
http code: 200
请求成功...
文件保存成功！
大小: 4191
位置: _img/foodpics/748472a3e45c4c9dbf105b5c5230a3be.jpg
http code: 200
请求成功...
文件保存成功！
大小: 19349
位置: _img/foodpics/bbd5d927b329439aa44d2a6ee11e3e4c.jpg
http code: 200
请求成功...
文件保存成功！
大小: 9028
位置: _img/foodpics/ed7e95b46b8c44abb08f1da583c89395.jpg
http code: 200
请求成功...
文件保存成功！
大小: 24062
位置: _img/foodpics/167d58aab876415e8f9fd953815813ed.jpg
http code: 200
请求成功...
文件保存成功！
大小: 5934
位置: _img/foodpics/d6c7c8a3cc634071a95cfb815bccf3aa.jpg
http code: 200
请求成功...
文件保存成功！
大小: 3348
位置: _img/foodpics/57918ed868f940228750daaa2cb717cf.jpg
http code: 200
请求成功...
文件保存成功！
大小: 4952
位置: _img/foodpics/mid_photo_url_326ac77a99719519ec2a28b5d165dc4c.jpg
http code: 200
请求成功...
文件保存成功！
大小: 22267
位置: _img/foodpics/7218014cd15444d5ac45d38fd4e68f84.jpg
http code: 200
请求成功...
文件保存成功！
大小: 5630
位置: _img/foodpics/7177290_1408940107mid.jpg
http code: 200
请求成功...
文件保存成功！
大小: 26079
位置: _img/foodpics/ac53f0c830004eeb9befc33479dfde11.jpg
http code: 200
请求成功...
文件保存成功！
大小: 21802
位置: _img/foodpics/d5de4be111ff497daea4d7b2b4e8bde0.jpg
http code: 200
请求成功...
文件保存成功！
大小: 25940
位置: _img/foodpics/b6996d6d74d84424aaef1a429364aa86.jpg
http code: 200
请求成功...
文件保存成功！
大小: 3575
位置: _img/foodpics/6c37769930ae4121950dda162c976eb7.jpg
http code: 200
请求成功...
文件保存成功！
大小: 4701
位置: _img/foodpics/mid_photo_url_443e66256d44abbc94e92220298b5945.jpg
http code: 200
请求成功...
文件保存成功！
大小: 3529
位置: _img/foodpics/6cc7654aee0f43aeaa335317362a9d91.jpg
http code: 200
请求成功...
文件保存成功！
大小: 3141
位置: _img/foodpics/6f1a64aa33784361b4570fb4a0783ed3.jpg
http code: 200
请求成功...
文件保存成功！
大小: 2074
位置: _img/foodpics/4847478f043e4cd180c6f93c7955c81e.jpg
http code: 200
请求成功...
文件保存成功！
大小: 4748
位置: _img/foodpics/mid_photo_url_dab9719a4bb111ea9bf65bede2cbf8c0.jpg
http code: 200
请求成功...
文件保存成功！
大小: 2959
位置: _img/foodpics/394b9c664d4e4b359650d182f66ba62a.jpg
http code: 200
请求成功...
文件保存成功！
大小: 1850
位置: _img/foodpics/ece518f0cd554632a1e5f0e4e6e9fa96.jpg
http code: 200
请求成功...
文件保存成功！
大小: 1242
位置: _img/foodpics/208ede6c5a9b442db7067809393e5e8d.jpg
http code: 200
请求成功...
文件保存成功！
大小: 4795
位置: _img/foodpics/b1105b00f7554d6d850600bf4f8921f5.jpg
http code: 200
请求成功...
文件保存成功！
大小: 4908
位置: _img/foodpics/439c3b839c1542b8ab284eb60936640f.jpg
http code: 200
请求成功...
文件保存成功！
大小: 15582
位置: _img/foodpics/fbc554c8b4f14f75b931a4d191227fc9.jpg
http code: 200
请求成功...
文件保存成功！
大小: 3038
位置: _img/foodpics/13d22755e49b4294b1c7b15b84a481d8.jpg
http code: 200
请求成功...
文件保存成功！
大小: 4122
位置: _img/foodpics/17db9ac89c6342e0a3854571ee07c587.jpg
http code: 200
请求成功...
文件保存成功！
大小: 5470
位置: _img/foodpics/58fec703e88b49bf9054aa0415220a8b.jpg
http code: 200
请求成功...
文件保存成功！
大小: 4770
位置: _img/foodpics/mid_photo_url_d63b15858e748a8031d7553b3343efaa.jpg
http code: 200
请求成功...
文件保存成功！
大小: 4970
位置: _img/foodpics/3cc8e5c1c7f24de8bfaf76a3c0c60537.jpg
http code: 200
请求成功...
文件保存成功！
大小: 3348
位置: _img/foodpics/a4366ae7d8564cc2abdaccbe771a4edc.jpg
http code: 200
请求成功...
文件保存成功！
大小: 3402
位置: _img/foodpics/1d536b4b38214c0393536a6535cefafd.jpg
http code: 200
请求成功...
文件保存成功！
大小: 4150
位置: _img/foodpics/5c2313036291403b88c16ae231c9ac15.jpg
http code: 200
请求成功...
文件保存成功！
大小: 3608
位置: _img/foodpics/b152cd8ba97147b3b68a9d9864cf8764.jpg
http code: 200
请求成功...
文件保存成功！
大小: 4914
位置: _img/foodpics/b6dd36a884d349749aea619f9265f507.jpg
http code: 200
请求成功...
文件保存成功！
大小: 6291
位置: _img/foodpics/81d28017c64d409898a9ce83ee6c88f6.jpg
http code: 200
请求成功...
文件保存成功！
大小: 2870
位置: _img/foodpics/883f9b035bba439d9d69be55962d2740.jpg
http code: 200
请求成功...
文件保存成功！
大小: 6291
位置: _img/foodpics/9f884574b8ef4e8c9bc1d7d2e8cb6507.jpg
http code: 200
请求成功...
文件保存成功！
大小: 3172
位置: _img/foodpics/edbbc14e12464f7a924906401c669543.jpg
http code: 200
请求成功...
文件保存成功！
大小: 31394
位置: _img/foodpics/cf0fca6db8bf4cd197171790796b996c.jpg
http code: 200
请求成功...
文件保存成功！
大小: 3665
位置: _img/foodpics/01ff3938d1ce4f118c2d77b29bc31621.jpg
http code: 200
请求成功...
文件保存成功！
大小: 27930
位置: _img/foodpics/5a82b9de21a54757b08bb5546a55b007.jpg
http code: 200
请求成功...
文件保存成功！
大小: 24083
位置: _img/foodpics/8f92f8c50c9f44eab94b6a71b5c10e8e.jpg
http code: 200
请求成功...
文件保存成功！
大小: 4381
位置: _img/foodpics/mid_photo_url_f9683f8aae5e5e0a27c690f09bfe8d8b.jpg
http code: 200
请求成功...
文件保存成功！
大小: 43388
位置: _img/foodpics/310011_1288160360mid.jpg
http code: 200
请求成功...
文件保存成功！
大小: 10970
位置: _img/foodpics/5a431601a76f484c908b365ae0793a54.jpg
http code: 200
请求成功...
文件保存成功！
大小: 13864
位置: _img/foodpics/439134c89fec4f5080f155894e962e8a.jpg
http code: 200
请求成功...
文件保存成功！
大小: 3141
位置: _img/foodpics/6f1a64aa33784361b4570fb4a0783ed3.jpg
http code: 200
请求成功...
文件保存成功！
大小: 5863
位置: _img/foodpics/mid_photo_url_dd2096e0385bbc3bcb05a4bbda420a49.jpg
http code: 200
请求成功...
文件保存成功！
大小: 5980
位置: _img/foodpics/mid_photo_url_eb870fbc73625eeefce69b64126b650d.jpg
http code: 200
请求成功...
文件保存成功！
大小: 5412
位置: _img/foodpics/acb4329e4698403abe98ecda752d4288.jpg
http code: 200
请求成功...
文件保存成功！
大小: 6978
位置: _img/foodpics/mid_photo_url_9d27c6437266125eddda6509bf57247c.jpg
http code: 200
请求成功...
文件保存成功！
大小: 11886
位置: _img/foodpics/mid_photo_url_0b67124c30e8e87ec68e8cd20babcefe.jpg
http code: 200
请求成功...
文件保存成功！
大小: 12845
位置: _img/foodpics/9d86a070ac824faf87e1302822606095.jpg
http code: 200
请求成功...
文件保存成功！
大小: 4801
位置: _img/foodpics/mid_photo_20105111619402132.jpg
http code: 200
请求成功...
文件保存成功！
大小: 9867
位置: _img/foodpics/mid_photo_20153313192821739.jpg
http code: 200
请求成功...
文件保存成功！
大小: 7738
位置: _img/foodpics/mid_photo_2014122616434530700.jpg
http code: 200
请求成功...
文件保存成功！
大小: 5036
位置: _img/foodpics/mid_photo_url_bfa2ee91f09166f95b7d50ea37f9c8e0.jpg
http code: 200
请求成功...
文件保存成功！
大小: 4220
位置: _img/foodpics/e50a82e44b904f90befc8b93e406ffc4.jpg
http code: 200
请求成功...
文件保存成功！
大小: 6108
位置: _img/foodpics/mid_photo_url_b312863351af2576343493394acefd96.jpg
http code: 200
请求成功...
文件保存成功！
大小: 5527
位置: _img/foodpics/mid_photo_url_bbaf6a4d286086653de28b33025f68c1.jpg
http code: 200
请求成功...
文件保存成功！
大小: 18421
位置: _img/foodpics/9c178d4aa1234e07a00e4db712bcbefe.jpg
http code: 200
请求成功...
文件保存成功！
大小: 30771
位置: _img/foodpics/ff5f59e8e1e748af99b0df68322bb608.jpg
http code: 200
请求成功...
文件保存成功！
大小: 28542
位置: _img/foodpics/79880b7d74b64bfea4a2a035391b66d0.jpg
http code: 200
请求成功...
文件保存成功！
大小: 25614
位置: _img/foodpics/86e3360598204f1d8af6c1140e448e2b.jpg
http code: 200
请求成功...
文件保存成功！
大小: 4930
位置: _img/foodpics/40634e1eb809400ab1114805f77dddd3.jpg
http code: 200
请求成功...
文件保存成功！
大小: 68756
位置: _img/foodpics/040c447a177a42798cd07c02855f3690.jpg
http code: 200
请求成功...
文件保存成功！
大小: 26389
位置: _img/foodpics/8dbbbd2053854b5b91fb3ad2f1d6b0fd.jpg
http code: 200
请求成功...
文件保存成功！
大小: 6315
位置: _img/foodpics/mid_photo_url_938ccc2cb5979fd7b30b278bfcb0e264.jpg
http code: 200
请求成功...
文件保存成功！
大小: 28700
位置: _img/foodpics/1b34999a640249d78a9801fc88065d95.jpg
http code: 200
请求成功...
文件保存成功！
大小: 6291
位置: _img/foodpics/dc3d008823fe4d82acec994ffa9302d9.jpg
http code: 200
请求成功...
文件保存成功！
大小: 68756
位置: _img/foodpics/040c447a177a42798cd07c02855f3690.jpg
http code: 200
请求成功...
文件保存成功！
大小: 25753
位置: _img/foodpics/f74e778c480e42fd9f3b845b1d546aa2.jpg
http code: 200
请求成功...
文件保存成功！
大小: 3073
位置: _img/foodpics/985efaa4a7a248239658371aef2cd081.jpg
http code: 200
请求成功...
文件保存成功！
大小: 6315
位置: _img/foodpics/mid_photo_url_938ccc2cb5979fd7b30b278bfcb0e264.jpg
http code: 200
请求成功...
文件保存成功！
大小: 5900
位置: _img/foodpics/mid_photo_url_2871a97b13ec9a6ae1717b0b2c83464e.jpg
http code: 200
请求成功...
文件保存成功！
大小: 29153
位置: _img/foodpics/5c81fae035ca4e7a81310870a0199850.jpg
http code: 200
请求成功...
文件保存成功！
大小: 28642
位置: _img/foodpics/21a3c28cf2cd4991b4bd62adebf9925b.jpg
http code: 200
请求成功...
文件保存成功！
大小: 26749
位置: _img/foodpics/6e2699fdd8754d0993f6a27ec0f2cc60.jpg
http code: 200
请求成功...
文件保存成功！
大小: 13871
位置: _img/foodpics/134787_1299651160mid.jpg
http code: 200
请求成功...
文件保存成功！
大小: 5443
位置: _img/foodpics/94f540cb43bf490f8f937c590eea2dfd.jpg
http code: 200
请求成功...
文件保存成功！
大小: 15822
位置: _img/foodpics/920b2b22cac14544a4990307e690f7cc.jpg
http code: 200
请求成功...
文件保存成功！
大小: 2631
位置: _img/foodpics/f62475207fb142a09e7bbea9b6ae035b.jpg
http code: 200
请求成功...
文件保存成功！
大小: 20617
位置: _img/foodpics/134787_1296940634mid.jpg
http code: 200
请求成功...
文件保存成功！
大小: 4089
位置: _img/foodpics/59d1ffedf78641ecaa209a6fe56b0184.jpg
http code: 200
请求成功...
文件保存成功！
大小: 25451
位置: _img/foodpics/1061a219b82b46c88b64157e9bf3d1ef.jpg
http code: 200
请求成功...
文件保存成功！
大小: 4756
位置: _img/foodpics/mid_photo_url_694aeac4eb3a2e78b8fca95298fe20fa.jpg
http code: 200
请求成功...
文件保存成功！
大小: 30851
位置: _img/foodpics/9ade63c9f6184d9b94696c36cae1fd33.jpg
http code: 200
请求成功...
文件保存成功！
大小: 25108
位置: _img/foodpics/189fc117db8a41f2b866ce57a545ec0a.jpg
http code: 200
请求成功...
文件保存成功！
大小: 15305
位置: _img/foodpics/d7b6f9b7bf3a4582802ca5b388f28e5f.jpg
http code: 200
请求成功...
文件保存成功！
大小: 3608
位置: _img/foodpics/b152cd8ba97147b3b68a9d9864cf8764.jpg
http code: 200
请求成功...
文件保存成功！
大小: 16047
位置: _img/foodpics/255f790717ce416dbdff1eaf4eb5eac6.jpg
http code: 200
请求成功...
文件保存成功！
大小: 7882
位置: _img/foodpics/107885_1231534807mid.jpg
http code: 200
请求成功...
文件保存成功！
大小: 3247
位置: _img/foodpics/18016bedf1d040248cf85d2f455320e6.jpg
http code: 200
请求成功...
文件保存成功！
大小: 4770
位置: _img/foodpics/mid_photo_url_d63b15858e748a8031d7553b3343efaa.jpg
http code: 200
请求成功...
文件保存成功！
大小: 3608
位置: _img/foodpics/b152cd8ba97147b3b68a9d9864cf8764.jpg
http code: 200
请求成功...
文件保存成功！
大小: 3348
位置: _img/foodpics/a4366ae7d8564cc2abdaccbe771a4edc.jpg
http code: 200
请求成功...
文件保存成功！
大小: 3815
位置: _img/foodpics/adb4948a988d4c15939011e183f0f480.jpg
http code: 200
请求成功...
文件保存成功！
大小: 2618
位置: _img/foodpics/096320b22f7943f599c54716a7c2802a.jpg
http code: 200
请求成功...
文件保存成功！
大小: 4732
位置: _img/foodpics/6ff0810d7c9b405abfd7adb42693910a.jpg
http code: 200
请求成功...
文件保存成功！
大小: 2657
位置: _img/foodpics/c776d0f7a91c459081fe24afcb6e0cb4.jpg
http code: 200
请求成功...
文件保存成功！
大小: 2618
位置: _img/foodpics/096320b22f7943f599c54716a7c2802a.jpg
http code: 200
请求成功...
文件保存成功！
大小: 8611
位置: _img/foodpics/395742_1401721391mid.jpg
http code: 200
请求成功...
文件保存成功！
大小: 3348
位置: _img/foodpics/57918ed868f940228750daaa2cb717cf.jpg
http code: 200
请求成功...
文件保存成功！
大小: 9866
位置: _img/foodpics/777c7298e74340178897c676ee9c2297.jpg
http code: 200
请求成功...
文件保存成功！
大小: 18421
位置: _img/foodpics/9c178d4aa1234e07a00e4db712bcbefe.jpg
http code: 200
请求成功...
文件保存成功！
大小: 3608
位置: _img/foodpics/b152cd8ba97147b3b68a9d9864cf8764.jpg
http code: 200
请求成功...
文件保存成功！
大小: 6754
位置: _img/foodpics/592d5dd2aed04f63be97e9f6fbef04b0.jpg
http code: 200
请求成功...
文件保存成功！
大小: 4178
位置: _img/foodpics/858988_1372494062mid.jpg
http code: 200
请求成功...
文件保存成功！
大小: 12262
位置: _img/foodpics/395742_1401721485mid.jpg
http code: 200
请求成功...
文件保存成功！
大小: 5920
位置: _img/foodpics/18a84e5c5cbb4801822008be3a68d3a2.jpg
http code: 200
请求成功...
文件保存成功！
大小: 5917
位置: _img/foodpics/mid_photo_url_3508babac08a3681ab2a6f02da382117.jpg
http code: 200
请求成功...
文件保存成功！
大小: 43388
位置: _img/foodpics/310011_1288160360mid.jpg
http code: 200
请求成功...
文件保存成功！
大小: 15270
位置: _img/foodpics/6cb44d93d3724cbeab97297aefb99ead.jpg
http code: 200
请求成功...
文件保存成功！
大小: 4030
位置: _img/foodpics/mid_photo_url_94521586386840aebd7c3ed991a55c6b.jpg
http code: 200
请求成功...
文件保存成功！
大小: 4030
位置: _img/foodpics/mid_photo_url_94521586386840aebd7c3ed991a55c6b.jpg
http code: 200
请求成功...
文件保存成功！
大小: 4205
位置: _img/foodpics/5e0511e654d44efc87452ccb4c4d0d74.jpg
http code: 200
请求成功...
文件保存成功！
大小: 6867
位置: _img/foodpics/0e7391838c5c498db2c2908721962446.jpg
http code: 200
请求成功...
文件保存成功！
大小: 55414
位置: _img/foodpics/1247311_1408588814mid.jpg
http code: 200
请求成功...
文件保存成功！
大小: 9835
位置: _img/foodpics/836e75bfae734dc7865b166ed6f411e7.jpg
http code: 200
请求成功...
文件保存成功！
大小: 9600
位置: _img/foodpics/dd3aef3ca4e64e7f881c186d6fa2c86f.jpg
http code: 200
请求成功...
文件保存成功！
大小: 38267
位置: _img/foodpics/mid_photo_url_7b016ce2d9204a9bba45446dd6185785.jpg
http code: 200
请求成功...
文件保存成功！
大小: 31748
位置: _img/foodpics/bd5a62a2ea2f41978aa20902bd9cfa35.jpg
http code: 200
请求成功...
文件保存成功！
大小: 31748
位置: _img/foodpics/bd5a62a2ea2f41978aa20902bd9cfa35.jpg
http code: 200
请求成功...
文件保存成功！
大小: 3378
位置: _img/foodpics/90fff7401f3644718fbac3bd1a90c236.jpg
http code: 200
请求成功...
文件保存成功！
大小: 37824
位置: _img/foodpics/d1c5ef8e603f4d4cbe03ff2247db9eb0.jpg
http code: 200
请求成功...
文件保存成功！
大小: 4362
位置: _img/foodpics/3b11e72cade34ad8ae8b436245f5f045.jpg
http code: 200
请求成功...
文件保存成功！
大小: 5657
位置: _img/foodpics/mid_photo_url_5ef3a4ba77a6c80a92a60b9a4bb1f96b.jpg
http code: 200
请求成功...
文件保存成功！
大小: 5657
位置: _img/foodpics/mid_photo_url_5ef3a4ba77a6c80a92a60b9a4bb1f96b.jpg
http code: 200
请求成功...
文件保存成功！
大小: 4542
位置: _img/foodpics/3a109679beb64a1fa10e78a64eeaefbf.jpg
http code: 200
请求成功...
文件保存成功！
大小: 33558
位置: _img/foodpics/202525_1358161385mid.jpg
http code: 200
请求成功...
文件保存成功！
大小: 25155
位置: _img/foodpics/c9177f3d30604e7ea827bb1f8d34ddcb.jpg
http code: 200
请求成功...
文件保存成功！
大小: 6649
位置: _img/foodpics/71ad71e3fcdf425dbfa50ec1bbf4a087.jpg
http code: 200
请求成功...
文件保存成功！
大小: 15162
位置: _img/foodpics/5464d486cc604b62aa69cb1d1a815eaf.jpg
http code: 200
请求成功...
文件保存成功！
大小: 5599
位置: _img/foodpics/user_mid_218091_1235376244.jpg
http code: 200
请求成功...
文件保存成功！
大小: 38443
位置: _img/foodpics/657248_1386249266mid.jpg
http code: 200
请求成功...
文件保存成功！
大小: 2643
位置: _img/foodpics/1027426_1311832045mid.jpg
http code: 200
请求成功...
文件保存成功！
大小: 7452
位置: _img/foodpics/950205_1320592443mid.jpg
http code: 200
请求成功...
文件保存成功！
大小: 12802
位置: _img/foodpics/105556_1223901928mid.jpg
http code: 200
请求成功...
文件保存成功！
大小: 5440
位置: _img/foodpics/user_mid_23474_1213326564.jpg
http code: 200
请求成功...
文件保存成功！
大小: 4394
位置: _img/foodpics/mid_photo_url_cba275f7a22a81fcd993a3baac778fd0.jpg
http code: 200
请求成功...
文件保存成功！
大小: 10386
位置: _img/foodpics/7c91d50f15e041afbd49f714af5f8242.jpg
http code: 200
请求成功...
文件保存成功！
大小: 5162
位置: _img/foodpics/8f18c6f0bdb0474c83646b6bc50cba44.jpg
http code: 200
请求成功...
文件保存成功！
大小: 9147
位置: _img/foodpics/970df60383a14ddc893ff75729b2470b.jpg
http code: 200
请求成功...
文件保存成功！
大小: 32463
位置: _img/foodpics/80e89f54555c47ef8970e514fd548fb0.jpg
http code: 200
请求成功...
文件保存成功！
大小: 28113
位置: _img/foodpics/cfcb247f709b46c0a102d40d2e448571.jpg
http code: 200
请求成功...
文件保存成功！
大小: 6009
位置: _img/foodpics/mid_photo_url_82febbb2f980e447781c263acd3836fd.jpg
http code: 200
请求成功...
文件保存成功！
大小: 3240
位置: _img/foodpics/0af76af131eb4342ba444fc06ef1b45b.jpg
http code: 200
请求成功...
文件保存成功！
大小: 5643
位置: _img/foodpics/395742_1333037506mid.jpg
http code: 200
请求成功...
文件保存成功！
大小: 9521
位置: _img/foodpics/395742_1320244504mid.jpg
http code: 200
请求成功...
文件保存成功！
大小: 32387
位置: _img/foodpics/35162ec1387340c0b7e704c6961e03a9.jpg
http code: 200
请求成功...
文件保存成功！
大小: 11702
位置: _img/foodpics/54788de1146940889626bcce1c126984.jpg
http code: 200
请求成功...
文件保存成功！
大小: 12136
位置: _img/foodpics/5c7c604205d3462cb753ae7faa8670f9.jpg
http code: 200
请求成功...
文件保存成功！
大小: 2345
位置: _img/foodpics/7ed2120b874b4487a27db910484f58d1.jpg
http code: 200
请求成功...
文件保存成功！
大小: 3412
位置: _img/foodpics/65883eca75954b418fb38a688a92d5e5.jpg
http code: 200
请求成功...
文件保存成功！
大小: 24558
位置: _img/foodpics/e44400f40cf84f4da0de07a5662aac00.jpg
http code: 200
请求成功...
文件保存成功！
大小: 13908
位置: _img/foodpics/cbc06dd618164834b37ef81bed77eb0a.jpg
http code: 200
请求成功...
文件保存成功！
大小: 4000
位置: _img/foodpics/a362547704cc40b7a4740ad50374418d.jpg
http code: 200
请求成功...
文件保存成功！
大小: 6286
位置: _img/foodpics/afc137c52d2545e1a3c41dcf531b1008.jpg
http code: 200
请求成功...
文件保存成功！
大小: 5043
位置: _img/foodpics/3cbd19e602a746f1aac95284eb9a098d.jpeg
http code: 200
请求成功...
文件保存成功！
大小: 5073
位置: _img/foodpics/mid_photo_url_d4a982eb066875d11e9f98b2b83df0f5.jpg
http code: 200
请求成功...
文件保存成功！
大小: 51381
位置: _img/foodpics/f909500831eb4f859e055e632dcd222b.JPG
http code: 200
请求成功...
文件保存成功！
大小: 19982
位置: _img/foodpics/ad85e7a8480942169c183468383e5916.jpg
http code: 200
请求成功...
文件保存成功！
大小: 32248
位置: _img/foodpics/cc2f97115121474db04c31d8d4a985a5.jpg
http code: 200
请求成功...
文件保存成功！
大小: 4569
位置: _img/foodpics/8ef1b17925fb4b0290a5dc5e902ab4a4.jpg
http code: 200
请求成功...
文件保存成功！
大小: 10185
位置: _img/foodpics/9d8061f7d29446c8abcdb7a0d8131bc5.jpg
http code: 200
请求成功...
文件保存成功！
大小: 24828
位置: _img/foodpics/167b59cc5547487bbba60949a98641c3.jpg
http code: 200
请求成功...
文件保存成功！
大小: 14062
位置: _img/foodpics/b67b0edd549d48cab30fc1c6b36a046e.jpg
http code: 200
请求成功...
文件保存成功！
大小: 8962
位置: _img/foodpics/98e380b645334e2fb38052a7f75e4a10.jpg
http code: 200
请求成功...
文件保存成功！
大小: 6966
位置: _img/foodpics/2a7ac1db50bb41cbb1d2bde8a20d0c27.jpg
http code: 200
请求成功...
文件保存成功！
大小: 6636
位置: _img/foodpics/391a0c268a9245af96138b6e85d7ed17.jpg
http code: 200
请求成功...
文件保存成功！
大小: 63871
位置: _img/foodpics/8ec4fccada9748378da29f069a0c7b80.jpg
http code: 200
请求成功...
文件保存成功！
大小: 8372
位置: _img/foodpics/1f9c42a801d345b4ad90b5b2eefcba07.jpg
http code: 200
请求成功...
文件保存成功！
大小: 5063
位置: _img/foodpics/cf1e653613c6440480ac6f3ef0dc1814.jpg
http code: 200
请求成功...
文件保存成功！
大小: 5272
位置: _img/foodpics/mid_photo_url_c2d925fd65d94fdd67593f31ac0d2eb0.jpg
http code: 200
请求成功...
文件保存成功！
大小: 3601
位置: _img/foodpics/c90b61d7cde54041827dcd5dd6cc2335.jpg
http code: 200
请求成功...
文件保存成功！
大小: 41297
位置: _img/foodpics/d752dd70c6ae4e399d90ac7d05769101.jpg
http code: 200
请求成功...
文件保存成功！
大小: 9053
位置: _img/foodpics/mid_photo_url_580578b650c49e380ef0df0c6971d740.jpg
http code: 200
请求成功...
文件保存成功！
大小: 8184
位置: _img/foodpics/b58668f9047a48de9425429726f551c1.jpg
http code: 200
请求成功...
文件保存成功！
大小: 3050
位置: _img/foodpics/2798d351ec5b4ec88f7cd6c1c289dc78.jpg
http code: 200
请求成功...
文件保存成功！
大小: 10541
位置: _img/foodpics/mid_photo_url_fd1b439dda0232395422fe01321fd1d1.jpg
http code: 200
请求成功...
文件保存成功！
大小: 20647
位置: _img/foodpics/20855567a1564112bb1d4de7a1332a75.jpg
http code: 200
请求成功...
文件保存成功！
大小: 6107
位置: _img/foodpics/587d6d2efc024025a351ab21011cb979.jpg
http code: 200
请求成功...
文件保存成功！
大小: 12455
位置: _img/foodpics/f2e05a616ed44cf3a7f24bd137906ac0.jpg
http code: 200
请求成功...
文件保存成功！
大小: 5715
位置: _img/foodpics/3fb5224bcf42484f843673ecedc9d101.jpg
http code: 200
请求成功...
文件保存成功！
大小: 13859
位置: _img/foodpics/9a7dcdd30d584bed93ca1c5ed1276d3d.jpg
http code: 200
请求成功...
文件保存成功！
大小: 6497
位置: _img/foodpics/b6195d9aed734c13b58f80b08a134a51.jpg
http code: 200
请求成功...
文件保存成功！
大小: 5595
位置: _img/foodpics/77f244e4b39e4a02a1c86bcbcb648333.jpg
http code: 200
请求成功...
文件保存成功！
大小: 2474
位置: _img/foodpics/e41c69538bb844559d5817223f588c4c.jpg
http code: 200
请求成功...
文件保存成功！
大小: 3584
位置: _img/foodpics/d10a0923cec3495a85a90810199d821e.jpg
http code: 200
请求成功...
文件保存成功！
大小: 2677
位置: _img/foodpics/3a0fba8f3b114530a6a843a23f4c602a.jpg
http code: 200
请求成功...
文件保存成功！
大小: 23001
位置: _img/foodpics/a82f90437ea045408bf12deef0e71f32.jpg
http code: 200
请求成功...
文件保存成功！
大小: 23942
位置: _img/foodpics/3fd77e2522a041a5ad8de0c6164126a7.jpg
http code: 200
请求成功...
文件保存成功！
大小: 6093
位置: _img/foodpics/86cc89a0f3714d309d5eb82dc8df5060.jpg
http code: 200
请求成功...
文件保存成功！
大小: 5895
位置: _img/foodpics/20328accc5b943baa2c436b7b4750c70.jpg
http code: 200
请求成功...
文件保存成功！
大小: 6842
位置: _img/foodpics/d5aa52a0143b44e3b54e0f2e00404cfc.jpg
http code: 200
请求成功...
文件保存成功！
大小: 6842
位置: _img/foodpics/b4f036012a1b49648d489cc879cd82e0.jpg
http code: 200
请求成功...
文件保存成功！
大小: 4029
位置: _img/foodpics/bd4e4726ba264d8f99dec434b83d45f6.jpg
http code: 200
请求成功...
文件保存成功！
大小: 3467
位置: _img/foodpics/07647cfbb692441ea1bcc7f6da25a088.jpg
http code: 200
请求成功...
文件保存成功！
大小: 3000
位置: _img/foodpics/8c8e5a5e297e49619fb042c209e2c4b8.jpg
http code: 200
请求成功...
文件保存成功！
大小: 4491
位置: _img/foodpics/705231bba8ac46f19242f6b44a291ec6.jpg
http code: 200
请求成功...
文件保存成功！
大小: 2438
位置: _img/foodpics/c9356716eb3a4fa094fee997871a2e7e.jpg
http code: 200
请求成功...
文件保存成功！
大小: 6337
位置: _img/foodpics/31d723ba648a4eaabe504c32612de587.jpg
http code: 200
请求成功...
文件保存成功！
大小: 4105
位置: _img/foodpics/42e096ac81654159988d20eb275849c9.jpg
http code: 200
请求成功...
文件保存成功！
大小: 3467
位置: _img/foodpics/4e84f268676f4425b37e146106c328a2.jpg
http code: 200
请求成功...
文件保存成功！
大小: 3994
位置: _img/foodpics/2d02ba81d4844682a772e62d307e304e.jpg
http code: 200
请求成功...
文件保存成功！
大小: 2818
位置: _img/foodpics/7f540bae1a1a469c98b687a500b9e0a6.jpg
http code: 200
请求成功...
文件保存成功！
大小: 4210
位置: _img/foodpics/5dddd79696134e4f9d06d28e79db6c38.jpg
http code: 200
请求成功...
文件保存成功！
大小: 6622
位置: _img/foodpics/745f8a4f04d640d69eee5ca8df9a4ca7.jpg
http code: 200
请求成功...
文件保存成功！
大小: 4223
位置: _img/foodpics/4419026831fc45cf846f483b08bb90ae.jpg
http code: 200
请求成功...
文件保存成功！
大小: 2545
位置: _img/foodpics/62854eab832a4412bf06c208866fb7f1.jpg
http code: 200
请求成功...
文件保存成功！
大小: 3467
位置: _img/foodpics/19ed5c956e9f44109e227229702c4195.jpg
http code: 200
请求成功...
文件保存成功！
大小: 4105
位置: _img/foodpics/42e096ac81654159988d20eb275849c9.jpg
http code: 200
请求成功...
文件保存成功！
大小: 3467
位置: _img/foodpics/3646bb8d6db64c6c898f380cc755820b.jpg
http code: 200
请求成功...
文件保存成功！
大小: 10893
位置: _img/foodpics/688205_1290408972mid.jpg
http code: 200
请求成功...
文件保存成功！
大小: 30560
位置: _img/foodpics/ec0897e67f1c4c368ca6f29ad27e49a8.jpg
http code: 200
请求成功...
文件保存成功！
大小: 3172
位置: _img/foodpics/50dd428f69df4644848bf8c73d83a062.jpg
http code: 200
请求成功...
文件保存成功！
大小: 5462
位置: _img/foodpics/b4a3b40cffee41afb91aaf0160966c63.jpg
http code: 200
请求成功...
文件保存成功！
大小: 2467
位置: _img/foodpics/c5e68f73389d47bba1fcc5c3fee33134.jpg
http code: 200
请求成功...
文件保存成功！
大小: 3714
位置: _img/foodpics/921abe120f6741ee8df08efa4faad52f.jpg
http code: 200
请求成功...
文件保存成功！
大小: 5058
位置: _img/foodpics/1cc00d21502b4b458116f1621c6fdcce.jpg
http code: 200
请求成功...
文件保存成功！
大小: 26814
位置: _img/foodpics/cdf15b38280d44108efc4452b4862839.jpg
http code: 200
请求成功...
文件保存成功！
大小: 8027
位置: _img/foodpics/00bc222c2ae84f97ad80eeb7fdc11785.jpg
http code: 200
请求成功...
文件保存成功！
大小: 3616
位置: _img/foodpics/e85d7ed0032543ba89ed63dcf32fdde5.jpg
http code: 200
请求成功...
文件保存成功！
大小: 3148
位置: _img/foodpics/80255d42705a485a95009ea204cb7cb9.jpg
http code: 200
请求成功...
文件保存成功！
大小: 18764
位置: _img/foodpics/502b6f8ab9534c609a2eafa2ab94fc1e.jpg
http code: 200
请求成功...
文件保存成功！
大小: 41297
位置: _img/foodpics/d752dd70c6ae4e399d90ac7d05769101.jpg
http code: 200
请求成功...
文件保存成功！
大小: 20374
位置: _img/foodpics/mid_photo_url_688de29f3f834e59bca5a69dda86189d.jpg
http code: 200
请求成功...
文件保存成功！
大小: 3148
位置: _img/foodpics/80255d42705a485a95009ea204cb7cb9.jpg
http code: 200
请求成功...
文件保存成功！
大小: 4681
位置: _img/foodpics/1e3e7d3749a04f83b14ab8f3562c6830.jpg
http code: 200
请求成功...
文件保存成功！
大小: 4115
位置: _img/foodpics/09772a2487714039b72a4e1b73379e63.jpg
http code: 200
请求成功...
文件保存成功！
大小: 3148
位置: _img/foodpics/80255d42705a485a95009ea204cb7cb9.jpg
http code: 200
请求成功...
文件保存成功！
大小: 3148
位置: _img/foodpics/80255d42705a485a95009ea204cb7cb9.jpg
http code: 200
请求成功...
文件保存成功！
大小: 3148
位置: _img/foodpics/80255d42705a485a95009ea204cb7cb9.jpg
http code: 200
请求成功...
文件保存成功！
大小: 4115
位置: _img/foodpics/09772a2487714039b72a4e1b73379e63.jpg
http code: 200
请求成功...
文件保存成功！
大小: 4115
位置: _img/foodpics/09772a2487714039b72a4e1b73379e63.jpg
http code: 200
请求成功...
文件保存成功！
大小: 4115
位置: _img/foodpics/09772a2487714039b72a4e1b73379e63.jpg
http code: 200
请求成功...
文件保存成功！
大小: 4115
位置: _img/foodpics/09772a2487714039b72a4e1b73379e63.jpg
http code: 200
请求成功...
文件保存成功！
大小: 4115
位置: _img/foodpics/09772a2487714039b72a4e1b73379e63.jpg
http code: 200
请求成功...
文件保存成功！
大小: 4115
位置: _img/foodpics/09772a2487714039b72a4e1b73379e63.jpg
http code: 200
请求成功...
文件保存成功！
大小: 4115
位置: _img/foodpics/09772a2487714039b72a4e1b73379e63.jpg
http code: 200
请求成功...
文件保存成功！
大小: 4115
位置: _img/foodpics/09772a2487714039b72a4e1b73379e63.jpg
http code: 200
请求成功...
文件保存成功！
大小: 4115
位置: _img/foodpics/09772a2487714039b72a4e1b73379e63.jpg
http code: 200
请求成功...
文件保存成功！
大小: 33277
位置: _img/foodpics/909990_1303898442mid.jpg
http code: 200
请求成功...
文件保存成功！
大小: 33277
位置: _img/foodpics/909990_1303898442mid.jpg
http code: 200
请求成功...
文件保存成功！
大小: 33277
位置: _img/foodpics/909990_1303898442mid.jpg
http code: 200
请求成功...
文件保存成功！
大小: 6842
位置: _img/foodpics/d5aa52a0143b44e3b54e0f2e00404cfc.jpg
http code: 200
请求成功...
文件保存成功！
大小: 7549
位置: _img/foodpics/2a7b2eac424a4068993ebcc7ef0d9aa7.jpg
http code: 200
请求成功...
文件保存成功！
大小: 7549
位置: _img/foodpics/2a7b2eac424a4068993ebcc7ef0d9aa7.jpg
http code: 200
请求成功...
文件保存成功！
大小: 4892
位置: _img/foodpics/mid_photo_url_67e3a4544d0676c61e002e19dd8119fd.jpg
http code: 200
请求成功...
文件保存成功！
大小: 29818
位置: _img/foodpics/65fe11378a9943f6a2d224fddee2f88a.jpg
http code: 200
请求成功...
文件保存成功！
大小: 6384
位置: _img/foodpics/mid_photo_url_ea57d8accd66323dfc29930725083761.jpg
http code: 200
请求成功...
文件保存成功！
大小: 2865
位置: _img/foodpics/aa11af1ed2be4a0dbd2b8576640029bf.jpg
http code: 200
请求成功...
文件保存成功！
大小: 22700
位置: _img/foodpics/af4795b14e6248fcaf4bdae97a0f3a24.jpg
http code: 200
请求成功...
文件保存成功！
大小: 4779
位置: _img/foodpics/0e4efe48d8b04c21ab255596d6a03cff.jpg
http code: 200
请求成功...
文件保存成功！
大小: 5200
位置: _img/foodpics/e89c2661863a4556a5086e8851b5c3f8.jpg
http code: 200
请求成功...
文件保存成功！
大小: 3766
位置: _img/foodpics/b836587f7ed245748ff6f1e405d2936b.jpg
http code: 200
请求成功...
文件保存成功！
大小: 5100
位置: _img/foodpics/a6e59ffd98bc4a668f3af09ecb1ce623.jpg
http code: 200
请求成功...
文件保存成功！
大小: 23754
位置: _img/foodpics/f7af9348e2084a40865d714eb7601208.jpg
http code: 200
请求成功...
文件保存成功！
大小: 5200
位置: _img/foodpics/e89c2661863a4556a5086e8851b5c3f8.jpg
http code: 200
请求成功...
文件保存成功！
大小: 31379
位置: _img/foodpics/b2fe364fba02454e89153207607ae6f9.jpg
